[15-Sep-2023 13:20:20 UTC] PHP Warning:  Attempt to read property "title" on null in C:\Users\gruau\Documents\Openclassroom\motaphoto\app\public\wp-includes\class-wp-customize-widgets.php on line 905
[18-Sep-2023 19:17:13 UTC] PHP Warning:  Failed loading Zend extension 'php_opcache.dll' (tried: C:/Users/gruau/AppData/Local/Programs/Local/resources/extraResources/lightning-services/php-8.1.9+8/bin/win64/ext\php_opcache.dll (Le module spécifié est introuvable), C:/Users/gruau/AppData/Local/Programs/Local/resources/extraResources/lightning-services/php-8.1.9+8/bin/win64/ext\php_php_opcache.dll.dll (Le module spécifié est introuvable)) in Unknown on line 0
[18-Sep-2023 19:17:13 UTC] PHP Warning:  Failed loading Zend extension 'php_xdebug.dll' (tried: C:/Users/gruau/AppData/Local/Programs/Local/resources/extraResources/lightning-services/php-8.1.9+8/bin/win64/ext\php_xdebug.dll (Le module spécifié est introuvable), C:/Users/gruau/AppData/Local/Programs/Local/resources/extraResources/lightning-services/php-8.1.9+8/bin/win64/ext\php_php_xdebug.dll.dll (Le module spécifié est introuvable)) in Unknown on line 0
[18-Sep-2023 19:17:13 UTC] PHP Warning:  PHP Startup: Unable to load dynamic library 'php_curl.dll' (tried: C:/Users/gruau/AppData/Local/Programs/Local/resources/extraResources/lightning-services/php-8.1.9+8/bin/win64/ext\php_curl.dll (Le module spécifié est introuvable), C:/Users/gruau/AppData/Local/Programs/Local/resources/extraResources/lightning-services/php-8.1.9+8/bin/win64/ext\php_php_curl.dll.dll (Le module spécifié est introuvable)) in Unknown on line 0
[18-Sep-2023 19:17:13 UTC] PHP Warning:  PHP Startup: Unable to load dynamic library 'php_gettext.dll' (tried: C:/Users/gruau/AppData/Local/Programs/Local/resources/extraResources/lightning-services/php-8.1.9+8/bin/win64/ext\php_gettext.dll (Le module spécifié est introuvable), C:/Users/gruau/AppData/Local/Programs/Local/resources/extraResources/lightning-services/php-8.1.9+8/bin/win64/ext\php_php_gettext.dll.dll (Le module spécifié est introuvable)) in Unknown on line 0
[18-Sep-2023 19:17:13 UTC] PHP Warning:  PHP Startup: Unable to load dynamic library 'php_openssl.dll' (tried: C:/Users/gruau/AppData/Local/Programs/Local/resources/extraResources/lightning-services/php-8.1.9+8/bin/win64/ext\php_openssl.dll (Le module spécifié est introuvable), C:/Users/gruau/AppData/Local/Programs/Local/resources/extraResources/lightning-services/php-8.1.9+8/bin/win64/ext\php_php_openssl.dll.dll (Le module spécifié est introuvable)) in Unknown on line 0
[18-Sep-2023 19:17:13 UTC] PHP Warning:  PHP Startup: Unable to load dynamic library 'php_exif.dll' (tried: C:/Users/gruau/AppData/Local/Programs/Local/resources/extraResources/lightning-services/php-8.1.9+8/bin/win64/ext\php_exif.dll (Le module spécifié est introuvable), C:/Users/gruau/AppData/Local/Programs/Local/resources/extraResources/lightning-services/php-8.1.9+8/bin/win64/ext\php_php_exif.dll.dll (Le module spécifié est introuvable)) in Unknown on line 0
[18-Sep-2023 19:17:13 UTC] PHP Warning:  PHP Startup: Unable to load dynamic library 'php_gd.dll' (tried: C:/Users/gruau/AppData/Local/Programs/Local/resources/extraResources/lightning-services/php-8.1.9+8/bin/win64/ext\php_gd.dll (Le module spécifié est introuvable), C:/Users/gruau/AppData/Local/Programs/Local/resources/extraResources/lightning-services/php-8.1.9+8/bin/win64/ext\php_php_gd.dll.dll (Le module spécifié est introuvable)) in Unknown on line 0
[18-Sep-2023 19:17:13 UTC] PHP Warning:  PHP Startup: Unable to load dynamic library 'php_ftp.dll' (tried: C:/Users/gruau/AppData/Local/Programs/Local/resources/extraResources/lightning-services/php-8.1.9+8/bin/win64/ext\php_ftp.dll (Le module spécifié est introuvable), C:/Users/gruau/AppData/Local/Programs/Local/resources/extraResources/lightning-services/php-8.1.9+8/bin/win64/ext\php_php_ftp.dll.dll (Le module spécifié est introuvable)) in Unknown on line 0
[18-Sep-2023 19:17:13 UTC] PHP Warning:  PHP Startup: Unable to load dynamic library 'php_imap.dll' (tried: C:/Users/gruau/AppData/Local/Programs/Local/resources/extraResources/lightning-services/php-8.1.9+8/bin/win64/ext\php_imap.dll (Le module spécifié est introuvable), C:/Users/gruau/AppData/Local/Programs/Local/resources/extraResources/lightning-services/php-8.1.9+8/bin/win64/ext\php_php_imap.dll.dll (Le module spécifié est introuvable)) in Unknown on line 0
[18-Sep-2023 19:17:13 UTC] PHP Warning:  PHP Startup: Unable to load dynamic library 'php_bz2.dll' (tried: C:/Users/gruau/AppData/Local/Programs/Local/resources/extraResources/lightning-services/php-8.1.9+8/bin/win64/ext\php_bz2.dll (Le module spécifié est introuvable), C:/Users/gruau/AppData/Local/Programs/Local/resources/extraResources/lightning-services/php-8.1.9+8/bin/win64/ext\php_php_bz2.dll.dll (Le module spécifié est introuvable)) in Unknown on line 0
[18-Sep-2023 19:17:13 UTC] PHP Warning:  PHP Startup: Unable to load dynamic library 'php_mbstring.dll' (tried: C:/Users/gruau/AppData/Local/Programs/Local/resources/extraResources/lightning-services/php-8.1.9+8/bin/win64/ext\php_mbstring.dll (Le module spécifié est introuvable), C:/Users/gruau/AppData/Local/Programs/Local/resources/extraResources/lightning-services/php-8.1.9+8/bin/win64/ext\php_php_mbstring.dll.dll (Le module spécifié est introuvable)) in Unknown on line 0
[18-Sep-2023 19:17:13 UTC] PHP Warning:  PHP Startup: Unable to load dynamic library 'php_sodium.dll' (tried: C:/Users/gruau/AppData/Local/Programs/Local/resources/extraResources/lightning-services/php-8.1.9+8/bin/win64/ext\php_sodium.dll (Le module spécifié est introuvable), C:/Users/gruau/AppData/Local/Programs/Local/resources/extraResources/lightning-services/php-8.1.9+8/bin/win64/ext\php_php_sodium.dll.dll (Le module spécifié est introuvable)) in Unknown on line 0
[18-Sep-2023 19:17:13 UTC] PHP Warning:  PHP Startup: Unable to load dynamic library 'php_tidy.dll' (tried: C:/Users/gruau/AppData/Local/Programs/Local/resources/extraResources/lightning-services/php-8.1.9+8/bin/win64/ext\php_tidy.dll (Le module spécifié est introuvable), C:/Users/gruau/AppData/Local/Programs/Local/resources/extraResources/lightning-services/php-8.1.9+8/bin/win64/ext\php_php_tidy.dll.dll (Le module spécifié est introuvable)) in Unknown on line 0
[18-Sep-2023 19:17:13 UTC] PHP Warning:  PHP Startup: Unable to load dynamic library 'php_xsl.dll' (tried: C:/Users/gruau/AppData/Local/Programs/Local/resources/extraResources/lightning-services/php-8.1.9+8/bin/win64/ext\php_xsl.dll (Le module spécifié est introuvable), C:/Users/gruau/AppData/Local/Programs/Local/resources/extraResources/lightning-services/php-8.1.9+8/bin/win64/ext\php_php_xsl.dll.dll (Le module spécifié est introuvable)) in Unknown on line 0
[18-Sep-2023 19:17:13 UTC] PHP Warning:  PHP Startup: Unable to load dynamic library 'php_soap.dll' (tried: C:/Users/gruau/AppData/Local/Programs/Local/resources/extraResources/lightning-services/php-8.1.9+8/bin/win64/ext\php_soap.dll (Le module spécifié est introuvable), C:/Users/gruau/AppData/Local/Programs/Local/resources/extraResources/lightning-services/php-8.1.9+8/bin/win64/ext\php_php_soap.dll.dll (Le module spécifié est introuvable)) in Unknown on line 0
[18-Sep-2023 19:17:13 UTC] PHP Warning:  PHP Startup: Unable to load dynamic library 'php_mysqli.dll' (tried: C:/Users/gruau/AppData/Local/Programs/Local/resources/extraResources/lightning-services/php-8.1.9+8/bin/win64/ext\php_mysqli.dll (Le module spécifié est introuvable), C:/Users/gruau/AppData/Local/Programs/Local/resources/extraResources/lightning-services/php-8.1.9+8/bin/win64/ext\php_php_mysqli.dll.dll (Le module spécifié est introuvable)) in Unknown on line 0
[18-Sep-2023 19:17:13 UTC] PHP Warning:  PHP Startup: Unable to load dynamic library 'php_pdo_mysql.dll' (tried: C:/Users/gruau/AppData/Local/Programs/Local/resources/extraResources/lightning-services/php-8.1.9+8/bin/win64/ext\php_pdo_mysql.dll (Le module spécifié est introuvable), C:/Users/gruau/AppData/Local/Programs/Local/resources/extraResources/lightning-services/php-8.1.9+8/bin/win64/ext\php_php_pdo_mysql.dll.dll (Le module spécifié est introuvable)) in Unknown on line 0
[18-Sep-2023 19:17:13 UTC] PHP Warning:  PHP Startup: Unable to load dynamic library 'php_fileinfo.dll' (tried: C:/Users/gruau/AppData/Local/Programs/Local/resources/extraResources/lightning-services/php-8.1.9+8/bin/win64/ext\php_fileinfo.dll (Le module spécifié est introuvable), C:/Users/gruau/AppData/Local/Programs/Local/resources/extraResources/lightning-services/php-8.1.9+8/bin/win64/ext\php_php_fileinfo.dll.dll (Le module spécifié est introuvable)) in Unknown on line 0
[18-Sep-2023 19:17:13 UTC] PHP Warning:  PHP Startup: Unable to load dynamic library 'php_intl.dll' (tried: C:/Users/gruau/AppData/Local/Programs/Local/resources/extraResources/lightning-services/php-8.1.9+8/bin/win64/ext\php_intl.dll (Le module spécifié est introuvable), C:/Users/gruau/AppData/Local/Programs/Local/resources/extraResources/lightning-services/php-8.1.9+8/bin/win64/ext\php_php_intl.dll.dll (Le module spécifié est introuvable)) in Unknown on line 0
[18-Sep-2023 19:17:13 UTC] PHP Warning:  Failed loading Zend extension 'php_opcache.dll' (tried: C:/Users/gruau/AppData/Local/Programs/Local/resources/extraResources/lightning-services/php-8.1.9+8/bin/win64/ext\php_opcache.dll (Le module spécifié est introuvable), C:/Users/gruau/AppData/Local/Programs/Local/resources/extraResources/lightning-services/php-8.1.9+8/bin/win64/ext\php_php_opcache.dll.dll (Le module spécifié est introuvable)) in Unknown on line 0
[18-Sep-2023 19:17:13 UTC] PHP Warning:  Failed loading Zend extension 'php_xdebug.dll' (tried: C:/Users/gruau/AppData/Local/Programs/Local/resources/extraResources/lightning-services/php-8.1.9+8/bin/win64/ext\php_xdebug.dll (Le module spécifié est introuvable), C:/Users/gruau/AppData/Local/Programs/Local/resources/extraResources/lightning-services/php-8.1.9+8/bin/win64/ext\php_php_xdebug.dll.dll (Le module spécifié est introuvable)) in Unknown on line 0
[18-Sep-2023 19:17:13 UTC] PHP Warning:  PHP Startup: Unable to load dynamic library 'php_curl.dll' (tried: C:/Users/gruau/AppData/Local/Programs/Local/resources/extraResources/lightning-services/php-8.1.9+8/bin/win64/ext\php_curl.dll (Le module spécifié est introuvable), C:/Users/gruau/AppData/Local/Programs/Local/resources/extraResources/lightning-services/php-8.1.9+8/bin/win64/ext\php_php_curl.dll.dll (Le module spécifié est introuvable)) in Unknown on line 0
[18-Sep-2023 19:17:13 UTC] PHP Warning:  PHP Startup: Unable to load dynamic library 'php_gettext.dll' (tried: C:/Users/gruau/AppData/Local/Programs/Local/resources/extraResources/lightning-services/php-8.1.9+8/bin/win64/ext\php_gettext.dll (Le module spécifié est introuvable), C:/Users/gruau/AppData/Local/Programs/Local/resources/extraResources/lightning-services/php-8.1.9+8/bin/win64/ext\php_php_gettext.dll.dll (Le module spécifié est introuvable)) in Unknown on line 0
[18-Sep-2023 19:17:13 UTC] PHP Warning:  PHP Startup: Unable to load dynamic library 'php_openssl.dll' (tried: C:/Users/gruau/AppData/Local/Programs/Local/resources/extraResources/lightning-services/php-8.1.9+8/bin/win64/ext\php_openssl.dll (Le module spécifié est introuvable), C:/Users/gruau/AppData/Local/Programs/Local/resources/extraResources/lightning-services/php-8.1.9+8/bin/win64/ext\php_php_openssl.dll.dll (Le module spécifié est introuvable)) in Unknown on line 0
[18-Sep-2023 19:17:13 UTC] PHP Warning:  PHP Startup: Unable to load dynamic library 'php_exif.dll' (tried: C:/Users/gruau/AppData/Local/Programs/Local/resources/extraResources/lightning-services/php-8.1.9+8/bin/win64/ext\php_exif.dll (Le module spécifié est introuvable), C:/Users/gruau/AppData/Local/Programs/Local/resources/extraResources/lightning-services/php-8.1.9+8/bin/win64/ext\php_php_exif.dll.dll (Le module spécifié est introuvable)) in Unknown on line 0
[18-Sep-2023 19:17:13 UTC] PHP Warning:  PHP Startup: Unable to load dynamic library 'php_gd.dll' (tried: C:/Users/gruau/AppData/Local/Programs/Local/resources/extraResources/lightning-services/php-8.1.9+8/bin/win64/ext\php_gd.dll (Le module spécifié est introuvable), C:/Users/gruau/AppData/Local/Programs/Local/resources/extraResources/lightning-services/php-8.1.9+8/bin/win64/ext\php_php_gd.dll.dll (Le module spécifié est introuvable)) in Unknown on line 0
[18-Sep-2023 19:17:13 UTC] PHP Warning:  PHP Startup: Unable to load dynamic library 'php_ftp.dll' (tried: C:/Users/gruau/AppData/Local/Programs/Local/resources/extraResources/lightning-services/php-8.1.9+8/bin/win64/ext\php_ftp.dll (Le module spécifié est introuvable), C:/Users/gruau/AppData/Local/Programs/Local/resources/extraResources/lightning-services/php-8.1.9+8/bin/win64/ext\php_php_ftp.dll.dll (Le module spécifié est introuvable)) in Unknown on line 0
[18-Sep-2023 19:17:13 UTC] PHP Warning:  PHP Startup: Unable to load dynamic library 'php_imap.dll' (tried: C:/Users/gruau/AppData/Local/Programs/Local/resources/extraResources/lightning-services/php-8.1.9+8/bin/win64/ext\php_imap.dll (Le module spécifié est introuvable), C:/Users/gruau/AppData/Local/Programs/Local/resources/extraResources/lightning-services/php-8.1.9+8/bin/win64/ext\php_php_imap.dll.dll (Le module spécifié est introuvable)) in Unknown on line 0
[18-Sep-2023 19:17:13 UTC] PHP Warning:  PHP Startup: Unable to load dynamic library 'php_bz2.dll' (tried: C:/Users/gruau/AppData/Local/Programs/Local/resources/extraResources/lightning-services/php-8.1.9+8/bin/win64/ext\php_bz2.dll (Le module spécifié est introuvable), C:/Users/gruau/AppData/Local/Programs/Local/resources/extraResources/lightning-services/php-8.1.9+8/bin/win64/ext\php_php_bz2.dll.dll (Le module spécifié est introuvable)) in Unknown on line 0
[18-Sep-2023 19:17:13 UTC] PHP Warning:  PHP Startup: Unable to load dynamic library 'php_mbstring.dll' (tried: C:/Users/gruau/AppData/Local/Programs/Local/resources/extraResources/lightning-services/php-8.1.9+8/bin/win64/ext\php_mbstring.dll (Le module spécifié est introuvable), C:/Users/gruau/AppData/Local/Programs/Local/resources/extraResources/lightning-services/php-8.1.9+8/bin/win64/ext\php_php_mbstring.dll.dll (Le module spécifié est introuvable)) in Unknown on line 0
[18-Sep-2023 19:17:13 UTC] PHP Warning:  PHP Startup: Unable to load dynamic library 'php_sodium.dll' (tried: C:/Users/gruau/AppData/Local/Programs/Local/resources/extraResources/lightning-services/php-8.1.9+8/bin/win64/ext\php_sodium.dll (Le module spécifié est introuvable), C:/Users/gruau/AppData/Local/Programs/Local/resources/extraResources/lightning-services/php-8.1.9+8/bin/win64/ext\php_php_sodium.dll.dll (Le module spécifié est introuvable)) in Unknown on line 0
[18-Sep-2023 19:17:13 UTC] PHP Warning:  PHP Startup: Unable to load dynamic library 'php_tidy.dll' (tried: C:/Users/gruau/AppData/Local/Programs/Local/resources/extraResources/lightning-services/php-8.1.9+8/bin/win64/ext\php_tidy.dll (Le module spécifié est introuvable), C:/Users/gruau/AppData/Local/Programs/Local/resources/extraResources/lightning-services/php-8.1.9+8/bin/win64/ext\php_php_tidy.dll.dll (Le module spécifié est introuvable)) in Unknown on line 0
[18-Sep-2023 19:17:13 UTC] PHP Warning:  PHP Startup: Unable to load dynamic library 'php_xsl.dll' (tried: C:/Users/gruau/AppData/Local/Programs/Local/resources/extraResources/lightning-services/php-8.1.9+8/bin/win64/ext\php_xsl.dll (Le module spécifié est introuvable), C:/Users/gruau/AppData/Local/Programs/Local/resources/extraResources/lightning-services/php-8.1.9+8/bin/win64/ext\php_php_xsl.dll.dll (Le module spécifié est introuvable)) in Unknown on line 0
[18-Sep-2023 19:17:13 UTC] PHP Warning:  PHP Startup: Unable to load dynamic library 'php_soap.dll' (tried: C:/Users/gruau/AppData/Local/Programs/Local/resources/extraResources/lightning-services/php-8.1.9+8/bin/win64/ext\php_soap.dll (Le module spécifié est introuvable), C:/Users/gruau/AppData/Local/Programs/Local/resources/extraResources/lightning-services/php-8.1.9+8/bin/win64/ext\php_php_soap.dll.dll (Le module spécifié est introuvable)) in Unknown on line 0
[18-Sep-2023 19:17:13 UTC] PHP Warning:  PHP Startup: Unable to load dynamic library 'php_mysqli.dll' (tried: C:/Users/gruau/AppData/Local/Programs/Local/resources/extraResources/lightning-services/php-8.1.9+8/bin/win64/ext\php_mysqli.dll (Le module spécifié est introuvable), C:/Users/gruau/AppData/Local/Programs/Local/resources/extraResources/lightning-services/php-8.1.9+8/bin/win64/ext\php_php_mysqli.dll.dll (Le module spécifié est introuvable)) in Unknown on line 0
[18-Sep-2023 19:17:13 UTC] PHP Warning:  PHP Startup: Unable to load dynamic library 'php_pdo_mysql.dll' (tried: C:/Users/gruau/AppData/Local/Programs/Local/resources/extraResources/lightning-services/php-8.1.9+8/bin/win64/ext\php_pdo_mysql.dll (Le module spécifié est introuvable), C:/Users/gruau/AppData/Local/Programs/Local/resources/extraResources/lightning-services/php-8.1.9+8/bin/win64/ext\php_php_pdo_mysql.dll.dll (Le module spécifié est introuvable)) in Unknown on line 0
[18-Sep-2023 19:17:13 UTC] PHP Warning:  PHP Startup: Unable to load dynamic library 'php_fileinfo.dll' (tried: C:/Users/gruau/AppData/Local/Programs/Local/resources/extraResources/lightning-services/php-8.1.9+8/bin/win64/ext\php_fileinfo.dll (Le module spécifié est introuvable), C:/Users/gruau/AppData/Local/Programs/Local/resources/extraResources/lightning-services/php-8.1.9+8/bin/win64/ext\php_php_fileinfo.dll.dll (Le module spécifié est introuvable)) in Unknown on line 0
[18-Sep-2023 19:17:13 UTC] PHP Warning:  PHP Startup: Unable to load dynamic library 'php_intl.dll' (tried: C:/Users/gruau/AppData/Local/Programs/Local/resources/extraResources/lightning-services/php-8.1.9+8/bin/win64/ext\php_intl.dll (Le module spécifié est introuvable), C:/Users/gruau/AppData/Local/Programs/Local/resources/extraResources/lightning-services/php-8.1.9+8/bin/win64/ext\php_php_intl.dll.dll (Le module spécifié est introuvable)) in Unknown on line 0
[18-Sep-2023 19:32:58 UTC] PHP Warning:  Attempt to read property "title" on null in C:\Users\gruau\Documents\Openclassroom\motaphoto\app\public\wp-includes\class-wp-customize-widgets.php on line 905
[18-Sep-2023 19:58:01 UTC] PHP Warning:  Attempt to read property "title" on null in C:\Users\gruau\Documents\Openclassroom\motaphoto\app\public\wp-includes\class-wp-customize-widgets.php on line 905
[18-Sep-2023 20:03:23 UTC] PHP Warning:  Attempt to read property "title" on null in C:\Users\gruau\Documents\Openclassroom\motaphoto\app\public\wp-includes\class-wp-customize-widgets.php on line 905
[18-Sep-2023 20:08:31 UTC] PHP Warning:  Attempt to read property "title" on null in C:\Users\gruau\Documents\Openclassroom\motaphoto\app\public\wp-includes\class-wp-customize-widgets.php on line 905
[18-Sep-2023 20:12:36 UTC] PHP Warning:  Attempt to read property "title" on null in C:\Users\gruau\Documents\Openclassroom\motaphoto\app\public\wp-includes\class-wp-customize-widgets.php on line 905
[18-Sep-2023 21:32:59 UTC] PHP Warning:  foreach() argument must be of type array|object, string given in C:\Users\gruau\Documents\Openclassroom\motaphoto\app\public\wp-includes\nav-menu.php on line 95
[18-Sep-2023 21:32:59 UTC] PHP Fatal error:  Uncaught TypeError: array_merge(): Argument #2 must be of type array, string given in C:\Users\gruau\Documents\Openclassroom\motaphoto\app\public\wp-includes\nav-menu.php:102
Stack trace:
#0 C:\Users\gruau\Documents\Openclassroom\motaphoto\app\public\wp-includes\nav-menu.php(102): array_merge(Array, '')
#1 C:\Users\gruau\Documents\Openclassroom\motaphoto\app\public\wp-includes\class-wp-hook.php(310): register_nav_menus('')
#2 C:\Users\gruau\Documents\Openclassroom\motaphoto\app\public\wp-includes\class-wp-hook.php(334): WP_Hook->apply_filters(NULL, Array)
#3 C:\Users\gruau\Documents\Openclassroom\motaphoto\app\public\wp-includes\plugin.php(517): WP_Hook->do_action(Array)
#4 C:\Users\gruau\Documents\Openclassroom\motaphoto\app\public\wp-settings.php(632): do_action('init')
#5 C:\Users\gruau\Documents\Openclassroom\motaphoto\app\public\wp-config.php(104): require_once('C:\\Users\\gruau\\...')
#6 C:\Users\gruau\Documents\Openclassroom\motaphoto\app\public\wp-load.php(50): require_once('C:\\Users\\gruau\\...')
#7 C:\Users\gruau\Documents\Openclassroom\motaphoto\app\public\wp-admin\admin-ajax.php(22): require_once('C:\\Users\\gruau\\...')
#8 {main}
  thrown in C:\Users\gruau\Documents\Openclassroom\motaphoto\app\public\wp-includes\nav-menu.php on line 102
[18-Sep-2023 21:32:59 UTC] PHP Warning:  foreach() argument must be of type array|object, string given in C:\Users\gruau\Documents\Openclassroom\motaphoto\app\public\wp-includes\nav-menu.php on line 95
[18-Sep-2023 21:32:59 UTC] PHP Fatal error:  Uncaught TypeError: array_merge(): Argument #2 must be of type array, string given in C:\Users\gruau\Documents\Openclassroom\motaphoto\app\public\wp-includes\nav-menu.php:102
Stack trace:
#0 C:\Users\gruau\Documents\Openclassroom\motaphoto\app\public\wp-includes\nav-menu.php(102): array_merge(Array, '')
#1 C:\Users\gruau\Documents\Openclassroom\motaphoto\app\public\wp-includes\class-wp-hook.php(310): register_nav_menus('')
#2 C:\Users\gruau\Documents\Openclassroom\motaphoto\app\public\wp-includes\class-wp-hook.php(334): WP_Hook->apply_filters(NULL, Array)
#3 C:\Users\gruau\Documents\Openclassroom\motaphoto\app\public\wp-includes\plugin.php(517): WP_Hook->do_action(Array)
#4 C:\Users\gruau\Documents\Openclassroom\motaphoto\app\public\wp-settings.php(632): do_action('init')
#5 C:\Users\gruau\Documents\Openclassroom\motaphoto\app\public\wp-config.php(104): require_once('C:\\Users\\gruau\\...')
#6 C:\Users\gruau\Documents\Openclassroom\motaphoto\app\public\wp-load.php(50): require_once('C:\\Users\\gruau\\...')
#7 C:\Users\gruau\Documents\Openclassroom\motaphoto\app\public\wp-admin\admin.php(34): require_once('C:\\Users\\gruau\\...')
#8 C:\Users\gruau\Documents\Openclassroom\motaphoto\app\public\wp-admin\nav-menus.php(13): require_once('C:\\Users\\gruau\\...')
#9 {main}
  thrown in C:\Users\gruau\Documents\Openclassroom\motaphoto\app\public\wp-includes\nav-menu.php on line 102
[18-Sep-2023 21:32:59 UTC] PHP Warning:  foreach() argument must be of type array|object, string given in C:\Users\gruau\Documents\Openclassroom\motaphoto\app\public\wp-includes\nav-menu.php on line 95
[18-Sep-2023 21:32:59 UTC] PHP Fatal error:  Uncaught TypeError: array_merge(): Argument #2 must be of type array, string given in C:\Users\gruau\Documents\Openclassroom\motaphoto\app\public\wp-includes\nav-menu.php:102
Stack trace:
#0 C:\Users\gruau\Documents\Openclassroom\motaphoto\app\public\wp-includes\nav-menu.php(102): array_merge(Array, '')
#1 C:\Users\gruau\Documents\Openclassroom\motaphoto\app\public\wp-includes\class-wp-hook.php(310): register_nav_menus('')
#2 C:\Users\gruau\Documents\Openclassroom\motaphoto\app\public\wp-includes\class-wp-hook.php(334): WP_Hook->apply_filters(NULL, Array)
#3 C:\Users\gruau\Documents\Openclassroom\motaphoto\app\public\wp-includes\plugin.php(517): WP_Hook->do_action(Array)
#4 C:\Users\gruau\Documents\Openclassroom\motaphoto\app\public\wp-settings.php(632): do_action('init')
#5 C:\Users\gruau\Documents\Openclassroom\motaphoto\app\public\wp-config.php(104): require_once('C:\\Users\\gruau\\...')
#6 C:\Users\gruau\Documents\Openclassroom\motaphoto\app\public\wp-load.php(50): require_once('C:\\Users\\gruau\\...')
#7 C:\Users\gruau\Documents\Openclassroom\motaphoto\app\public\wp-blog-header.php(13): require_once('C:\\Users\\gruau\\...')
#8 C:\Users\gruau\Documents\Openclassroom\motaphoto\app\public\index.php(17): require('C:\\Users\\gruau\\...')
#9 {main}
  thrown in C:\Users\gruau\Documents\Openclassroom\motaphoto\app\public\wp-includes\nav-menu.php on line 102
[18-Sep-2023 21:59:10 UTC] PHP Fatal error:  Cannot redeclare the_custom_logo() (previously declared in C:\Users\gruau\Documents\Openclassroom\motaphoto\app\public\wp-includes\general-template.php:1152) in C:\Users\gruau\Documents\Openclassroom\motaphoto\app\public\wp-content\themes\motaphoto\functions.php on line 13
[18-Sep-2023 21:59:10 UTC] PHP Warning:  Trying to access array offset on value of type bool in C:\Users\gruau\Documents\Openclassroom\motaphoto\app\public\wp-includes\class-wp-recovery-mode-email-service.php on line 367
[18-Sep-2023 21:59:10 UTC] PHP Warning:  Trying to access array offset on value of type bool in C:\Users\gruau\Documents\Openclassroom\motaphoto\app\public\wp-includes\class-wp-recovery-mode-email-service.php on line 368
[18-Sep-2023 22:01:11 UTC] PHP Fatal error:  Cannot redeclare the_custom_logo() (previously declared in C:\Users\gruau\Documents\Openclassroom\motaphoto\app\public\wp-includes\general-template.php:1152) in C:\Users\gruau\Documents\Openclassroom\motaphoto\app\public\wp-content\themes\motaphoto\functions.php on line 13
[18-Sep-2023 22:03:12 UTC] PHP Fatal error:  Cannot redeclare the_custom_logo() (previously declared in C:\Users\gruau\Documents\Openclassroom\motaphoto\app\public\wp-includes\general-template.php:1152) in C:\Users\gruau\Documents\Openclassroom\motaphoto\app\public\wp-content\themes\motaphoto\functions.php on line 13
[18-Sep-2023 22:05:13 UTC] PHP Fatal error:  Cannot redeclare the_custom_logo() (previously declared in C:\Users\gruau\Documents\Openclassroom\motaphoto\app\public\wp-includes\general-template.php:1152) in C:\Users\gruau\Documents\Openclassroom\motaphoto\app\public\wp-content\themes\motaphoto\functions.php on line 13
[18-Sep-2023 22:07:14 UTC] PHP Fatal error:  Cannot redeclare the_custom_logo() (previously declared in C:\Users\gruau\Documents\Openclassroom\motaphoto\app\public\wp-includes\general-template.php:1152) in C:\Users\gruau\Documents\Openclassroom\motaphoto\app\public\wp-content\themes\motaphoto\functions.php on line 13
[18-Sep-2023 22:09:15 UTC] PHP Fatal error:  Cannot redeclare the_custom_logo() (previously declared in C:\Users\gruau\Documents\Openclassroom\motaphoto\app\public\wp-includes\general-template.php:1152) in C:\Users\gruau\Documents\Openclassroom\motaphoto\app\public\wp-content\themes\motaphoto\functions.php on line 13
[18-Sep-2023 22:10:29 UTC] PHP Fatal error:  Cannot redeclare the_custom_logo() (previously declared in C:\Users\gruau\Documents\Openclassroom\motaphoto\app\public\wp-includes\general-template.php:1152) in C:\Users\gruau\Documents\Openclassroom\motaphoto\app\public\wp-content\themes\motaphoto\functions.php on line 13
[18-Sep-2023 22:10:29 UTC] PHP Fatal error:  Cannot redeclare the_custom_logo() (previously declared in C:\Users\gruau\Documents\Openclassroom\motaphoto\app\public\wp-includes\general-template.php:1152) in C:\Users\gruau\Documents\Openclassroom\motaphoto\app\public\wp-content\themes\motaphoto\functions.php on line 13
[18-Sep-2023 22:12:35 UTC] PHP Warning:  Attempt to read property "title" on null in C:\Users\gruau\Documents\Openclassroom\motaphoto\app\public\wp-includes\class-wp-customize-widgets.php on line 905
[18-Sep-2023 22:13:22 UTC] PHP Warning:  Attempt to read property "title" on null in C:\Users\gruau\Documents\Openclassroom\motaphoto\app\public\wp-includes\class-wp-customize-widgets.php on line 905
[18-Sep-2023 22:18:34 UTC] PHP Parse error:  Unmatched '}' in C:\Users\gruau\Documents\Openclassroom\motaphoto\app\public\wp-content\themes\motaphoto\header.php on line 16
[19-Sep-2023 19:23:10 UTC] PHP Warning:  Attempt to read property "title" on null in C:\Users\gruau\Documents\Openclassroom\motaphoto\app\public\wp-includes\class-wp-customize-widgets.php on line 905
[21-Sep-2023 19:16:28 UTC] PHP Warning:  Attempt to read property "title" on null in C:\Users\gruau\Documents\Openclassroom\motaphoto\app\public\wp-includes\class-wp-customize-widgets.php on line 905
[21-Sep-2023 19:18:20 UTC] PHP Warning:  Attempt to read property "title" on null in C:\Users\gruau\Documents\Openclassroom\motaphoto\app\public\wp-includes\class-wp-customize-widgets.php on line 905
[21-Sep-2023 19:20:55 UTC] PHP Warning:  Attempt to read property "title" on null in C:\Users\gruau\Documents\Openclassroom\motaphoto\app\public\wp-includes\class-wp-customize-widgets.php on line 905
[21-Sep-2023 19:25:03 UTC] PHP Fatal error:  Cannot redeclare show_admin_bar() (previously declared in C:\Users\gruau\Documents\Openclassroom\motaphoto\app\public\wp-includes\admin-bar.php:1269) in C:\Users\gruau\Documents\Openclassroom\motaphoto\app\public\wp-content\themes\motaphoto\functions.php on line 43
[21-Sep-2023 19:25:03 UTC] PHP Fatal error:  Cannot redeclare show_admin_bar() (previously declared in C:\Users\gruau\Documents\Openclassroom\motaphoto\app\public\wp-includes\admin-bar.php:1269) in C:\Users\gruau\Documents\Openclassroom\motaphoto\app\public\wp-content\themes\motaphoto\functions.php on line 43
[21-Sep-2023 19:26:23 UTC] PHP Fatal error:  Cannot redeclare show_admin_bar() (previously declared in C:\Users\gruau\Documents\Openclassroom\motaphoto\app\public\wp-includes\admin-bar.php:1269) in C:\Users\gruau\Documents\Openclassroom\motaphoto\app\public\wp-content\themes\motaphoto\functions.php on line 43
[21-Sep-2023 19:26:23 UTC] PHP Fatal error:  Cannot redeclare show_admin_bar() (previously declared in C:\Users\gruau\Documents\Openclassroom\motaphoto\app\public\wp-includes\admin-bar.php:1269) in C:\Users\gruau\Documents\Openclassroom\motaphoto\app\public\wp-content\themes\motaphoto\functions.php on line 43
[21-Sep-2023 19:26:36 UTC] PHP Fatal error:  Cannot redeclare show_admin_bar() (previously declared in C:\Users\gruau\Documents\Openclassroom\motaphoto\app\public\wp-includes\admin-bar.php:1269) in C:\Users\gruau\Documents\Openclassroom\motaphoto\app\public\wp-content\themes\motaphoto\functions.php on line 43
[21-Sep-2023 19:26:36 UTC] PHP Warning:  Trying to access array offset on value of type bool in C:\Users\gruau\Documents\Openclassroom\motaphoto\app\public\wp-includes\class-wp-recovery-mode-email-service.php on line 367
[21-Sep-2023 19:26:36 UTC] PHP Warning:  Trying to access array offset on value of type bool in C:\Users\gruau\Documents\Openclassroom\motaphoto\app\public\wp-includes\class-wp-recovery-mode-email-service.php on line 368
[21-Sep-2023 19:53:55 UTC] PHP Warning:  Attempt to read property "title" on null in C:\Users\gruau\Documents\Openclassroom\motaphoto\app\public\wp-includes\class-wp-customize-widgets.php on line 905
[26-Sep-2023 09:56:13 UTC] PHP Warning:  Attempt to read property "title" on null in C:\Users\gruau\Documents\Openclassroom\motaphoto\app\public\wp-includes\class-wp-customize-widgets.php on line 905
[27-Sep-2023 17:24:14 UTC] PHP Fatal error:  Uncaught Error: Call to undefined function twenty_twenty_one_get_icon_svg() in C:\Users\gruau\Documents\Openclassroom\motaphoto\app\public\wp-content\themes\motaphoto\single.php:36
Stack trace:
#0 C:\Users\gruau\Documents\Openclassroom\motaphoto\app\public\wp-includes\template-loader.php(106): include()
#1 C:\Users\gruau\Documents\Openclassroom\motaphoto\app\public\wp-blog-header.php(19): require_once('C:\\Users\\gruau\\...')
#2 C:\Users\gruau\Documents\Openclassroom\motaphoto\app\public\index.php(17): require('C:\\Users\\gruau\\...')
#3 {main}
  thrown in C:\Users\gruau\Documents\Openclassroom\motaphoto\app\public\wp-content\themes\motaphoto\single.php on line 36
[27-Sep-2023 17:24:23 UTC] PHP Fatal error:  Uncaught Error: Call to undefined function twenty_twenty_one_get_icon_svg() in C:\Users\gruau\Documents\Openclassroom\motaphoto\app\public\wp-content\themes\motaphoto\single.php:36
Stack trace:
#0 C:\Users\gruau\Documents\Openclassroom\motaphoto\app\public\wp-includes\template-loader.php(106): include()
#1 C:\Users\gruau\Documents\Openclassroom\motaphoto\app\public\wp-blog-header.php(19): require_once('C:\\Users\\gruau\\...')
#2 C:\Users\gruau\Documents\Openclassroom\motaphoto\app\public\index.php(17): require('C:\\Users\\gruau\\...')
#3 {main}
  thrown in C:\Users\gruau\Documents\Openclassroom\motaphoto\app\public\wp-content\themes\motaphoto\single.php on line 36
[27-Sep-2023 17:45:32 UTC] PHP Fatal error:  Uncaught Error: Call to undefined function twenty_twenty_one_get_icon_svg() in C:\Users\gruau\Documents\Openclassroom\motaphoto\app\public\wp-content\themes\motaphoto\single.php:36
Stack trace:
#0 C:\Users\gruau\Documents\Openclassroom\motaphoto\app\public\wp-includes\template-loader.php(106): include()
#1 C:\Users\gruau\Documents\Openclassroom\motaphoto\app\public\wp-blog-header.php(19): require_once('C:\\Users\\gruau\\...')
#2 C:\Users\gruau\Documents\Openclassroom\motaphoto\app\public\index.php(17): require('C:\\Users\\gruau\\...')
#3 {main}
  thrown in C:\Users\gruau\Documents\Openclassroom\motaphoto\app\public\wp-content\themes\motaphoto\single.php on line 36
[27-Sep-2023 17:55:26 UTC] PHP Fatal error:  Uncaught Error: Call to undefined function twenty_twenty_one_get_icon_svg() in C:\Users\gruau\Documents\Openclassroom\motaphoto\app\public\wp-content\themes\motaphoto\single.php:36
Stack trace:
#0 C:\Users\gruau\Documents\Openclassroom\motaphoto\app\public\wp-includes\template-loader.php(106): include()
#1 C:\Users\gruau\Documents\Openclassroom\motaphoto\app\public\wp-blog-header.php(19): require_once('C:\\Users\\gruau\\...')
#2 C:\Users\gruau\Documents\Openclassroom\motaphoto\app\public\index.php(17): require('C:\\Users\\gruau\\...')
#3 {main}
  thrown in C:\Users\gruau\Documents\Openclassroom\motaphoto\app\public\wp-content\themes\motaphoto\single.php on line 36
[04-Oct-2023 10:10:34 UTC] PHP Warning:  Undefined variable $catetorie in C:\Users\gruau\Documents\Openclassroom\motaphoto\app\public\wp-content\themes\motaphoto\single-photo.php on line 22
[04-Oct-2023 10:10:34 UTC] PHP Fatal error:  Uncaught Error: Object of class WP_Error could not be converted to string in C:\Users\gruau\Documents\Openclassroom\motaphoto\app\public\wp-content\themes\motaphoto\single-photo.php:22
Stack trace:
#0 C:\Users\gruau\Documents\Openclassroom\motaphoto\app\public\wp-includes\template-loader.php(106): include()
#1 C:\Users\gruau\Documents\Openclassroom\motaphoto\app\public\wp-blog-header.php(19): require_once('C:\\Users\\gruau\\...')
#2 C:\Users\gruau\Documents\Openclassroom\motaphoto\app\public\index.php(17): require('C:\\Users\\gruau\\...')
#3 {main}
  thrown in C:\Users\gruau\Documents\Openclassroom\motaphoto\app\public\wp-content\themes\motaphoto\single-photo.php on line 22
[04-Oct-2023 10:14:56 UTC] PHP Fatal error:  Uncaught Error: Object of class WP_Taxonomy could not be converted to string in C:\Users\gruau\Documents\Openclassroom\motaphoto\app\public\wp-content\themes\motaphoto\single-photo.php:22
Stack trace:
#0 C:\Users\gruau\Documents\Openclassroom\motaphoto\app\public\wp-includes\template-loader.php(106): include()
#1 C:\Users\gruau\Documents\Openclassroom\motaphoto\app\public\wp-blog-header.php(19): require_once('C:\\Users\\gruau\\...')
#2 C:\Users\gruau\Documents\Openclassroom\motaphoto\app\public\index.php(17): require('C:\\Users\\gruau\\...')
#3 {main}
  thrown in C:\Users\gruau\Documents\Openclassroom\motaphoto\app\public\wp-content\themes\motaphoto\single-photo.php on line 22
[04-Oct-2023 10:15:00 UTC] PHP Fatal error:  Uncaught Error: Object of class WP_Taxonomy could not be converted to string in C:\Users\gruau\Documents\Openclassroom\motaphoto\app\public\wp-content\themes\motaphoto\single-photo.php:22
Stack trace:
#0 C:\Users\gruau\Documents\Openclassroom\motaphoto\app\public\wp-includes\template-loader.php(106): include()
#1 C:\Users\gruau\Documents\Openclassroom\motaphoto\app\public\wp-blog-header.php(19): require_once('C:\\Users\\gruau\\...')
#2 C:\Users\gruau\Documents\Openclassroom\motaphoto\app\public\index.php(17): require('C:\\Users\\gruau\\...')
#3 {main}
  thrown in C:\Users\gruau\Documents\Openclassroom\motaphoto\app\public\wp-content\themes\motaphoto\single-photo.php on line 22
[05-Oct-2023 22:08:42 UTC] PHP Fatal error:  Uncaught Error: Object of class WP_Term could not be converted to string in C:\Users\gruau\Documents\Openclassroom\motaphoto\app\public\wp-content\themes\motaphoto\single-photo.php:92
Stack trace:
#0 C:\Users\gruau\Documents\Openclassroom\motaphoto\app\public\wp-includes\template-loader.php(106): include()
#1 C:\Users\gruau\Documents\Openclassroom\motaphoto\app\public\wp-blog-header.php(19): require_once('C:\\Users\\gruau\\...')
#2 C:\Users\gruau\Documents\Openclassroom\motaphoto\app\public\index.php(17): require('C:\\Users\\gruau\\...')
#3 {main}
  thrown in C:\Users\gruau\Documents\Openclassroom\motaphoto\app\public\wp-content\themes\motaphoto\single-photo.php on line 92
[05-Oct-2023 23:14:37 UTC] PHP Fatal error:  Uncaught TypeError: strip_tags(): Argument #1 ($string) must be of type string, WP_Error given in C:\Users\gruau\Documents\Openclassroom\motaphoto\app\public\wp-content\themes\motaphoto\templates-parts\photo_block.php:34
Stack trace:
#0 C:\Users\gruau\Documents\Openclassroom\motaphoto\app\public\wp-content\themes\motaphoto\templates-parts\photo_block.php(34): strip_tags(Object(WP_Error))
#1 C:\Users\gruau\Documents\Openclassroom\motaphoto\app\public\wp-includes\template.php(787): require('C:\\Users\\gruau\\...')
#2 C:\Users\gruau\Documents\Openclassroom\motaphoto\app\public\wp-includes\template.php(720): load_template('C:\\Users\\gruau\\...', false, Array)
#3 C:\Users\gruau\Documents\Openclassroom\motaphoto\app\public\wp-includes\general-template.php(206): locate_template(Array, true, false, Array)
#4 C:\Users\gruau\Documents\Openclassroom\motaphoto\app\public\wp-content\themes\motaphoto\single-photo.php(122): get_template_part('/templates-part...')
#5 C:\Users\gruau\Documents\Openclassroom\motaphoto\app\public\wp-includes\template-loader.php(106): include('C:\\Users\\gruau\\...')
#6 C:\Users\gruau\Documents\Openclassroom\motaphoto\app\public\wp-blog-header.php(19): require_once('C:\\Users\\gruau\\...')
#7 C:\Users\gruau\Documents\Openclassroom\motaphoto\app\public\index.php(17): require('C:\\Users\\gruau\\...')
#8 {main}
  thrown in C:\Users\gruau\Documents\Openclassroom\motaphoto\app\public\wp-content\themes\motaphoto\templates-parts\photo_block.php on line 34
[05-Oct-2023 23:15:29 UTC] PHP Fatal error:  Uncaught TypeError: strip_tags(): Argument #1 ($string) must be of type string, WP_Error given in C:\Users\gruau\Documents\Openclassroom\motaphoto\app\public\wp-content\themes\motaphoto\templates-parts\photo_block.php:34
Stack trace:
#0 C:\Users\gruau\Documents\Openclassroom\motaphoto\app\public\wp-content\themes\motaphoto\templates-parts\photo_block.php(34): strip_tags(Object(WP_Error))
#1 C:\Users\gruau\Documents\Openclassroom\motaphoto\app\public\wp-includes\template.php(787): require('C:\\Users\\gruau\\...')
#2 C:\Users\gruau\Documents\Openclassroom\motaphoto\app\public\wp-includes\template.php(720): load_template('C:\\Users\\gruau\\...', false, Array)
#3 C:\Users\gruau\Documents\Openclassroom\motaphoto\app\public\wp-includes\general-template.php(206): locate_template(Array, true, false, Array)
#4 C:\Users\gruau\Documents\Openclassroom\motaphoto\app\public\wp-content\themes\motaphoto\single-photo.php(120): get_template_part('/templates-part...')
#5 C:\Users\gruau\Documents\Openclassroom\motaphoto\app\public\wp-includes\template-loader.php(106): include('C:\\Users\\gruau\\...')
#6 C:\Users\gruau\Documents\Openclassroom\motaphoto\app\public\wp-blog-header.php(19): require_once('C:\\Users\\gruau\\...')
#7 C:\Users\gruau\Documents\Openclassroom\motaphoto\app\public\index.php(17): require('C:\\Users\\gruau\\...')
#8 {main}
  thrown in C:\Users\gruau\Documents\Openclassroom\motaphoto\app\public\wp-content\themes\motaphoto\templates-parts\photo_block.php on line 34
[05-Oct-2023 23:15:43 UTC] PHP Fatal error:  Uncaught TypeError: strip_tags(): Argument #1 ($string) must be of type string, WP_Error given in C:\Users\gruau\Documents\Openclassroom\motaphoto\app\public\wp-content\themes\motaphoto\templates-parts\photo_block.php:34
Stack trace:
#0 C:\Users\gruau\Documents\Openclassroom\motaphoto\app\public\wp-content\themes\motaphoto\templates-parts\photo_block.php(34): strip_tags(Object(WP_Error))
#1 C:\Users\gruau\Documents\Openclassroom\motaphoto\app\public\wp-includes\template.php(787): require('C:\\Users\\gruau\\...')
#2 C:\Users\gruau\Documents\Openclassroom\motaphoto\app\public\wp-includes\template.php(720): load_template('C:\\Users\\gruau\\...', false, Array)
#3 C:\Users\gruau\Documents\Openclassroom\motaphoto\app\public\wp-includes\general-template.php(206): locate_template(Array, true, false, Array)
#4 C:\Users\gruau\Documents\Openclassroom\motaphoto\app\public\wp-content\themes\motaphoto\single-photo.php(120): get_template_part('/templates-part...')
#5 C:\Users\gruau\Documents\Openclassroom\motaphoto\app\public\wp-includes\template-loader.php(106): include('C:\\Users\\gruau\\...')
#6 C:\Users\gruau\Documents\Openclassroom\motaphoto\app\public\wp-blog-header.php(19): require_once('C:\\Users\\gruau\\...')
#7 C:\Users\gruau\Documents\Openclassroom\motaphoto\app\public\index.php(17): require('C:\\Users\\gruau\\...')
#8 {main}
  thrown in C:\Users\gruau\Documents\Openclassroom\motaphoto\app\public\wp-content\themes\motaphoto\templates-parts\photo_block.php on line 34
[05-Oct-2023 23:16:14 UTC] PHP Fatal error:  Uncaught TypeError: strip_tags(): Argument #1 ($string) must be of type string, WP_Error given in C:\Users\gruau\Documents\Openclassroom\motaphoto\app\public\wp-content\themes\motaphoto\templates-parts\photo_block.php:34
Stack trace:
#0 C:\Users\gruau\Documents\Openclassroom\motaphoto\app\public\wp-content\themes\motaphoto\templates-parts\photo_block.php(34): strip_tags(Object(WP_Error))
#1 C:\Users\gruau\Documents\Openclassroom\motaphoto\app\public\wp-includes\template.php(787): require('C:\\Users\\gruau\\...')
#2 C:\Users\gruau\Documents\Openclassroom\motaphoto\app\public\wp-includes\template.php(720): load_template('C:\\Users\\gruau\\...', false, Array)
#3 C:\Users\gruau\Documents\Openclassroom\motaphoto\app\public\wp-includes\general-template.php(206): locate_template(Array, true, false, Array)
#4 C:\Users\gruau\Documents\Openclassroom\motaphoto\app\public\wp-content\themes\motaphoto\single-photo.php(120): get_template_part('/templates-part...')
#5 C:\Users\gruau\Documents\Openclassroom\motaphoto\app\public\wp-includes\template-loader.php(106): include('C:\\Users\\gruau\\...')
#6 C:\Users\gruau\Documents\Openclassroom\motaphoto\app\public\wp-blog-header.php(19): require_once('C:\\Users\\gruau\\...')
#7 C:\Users\gruau\Documents\Openclassroom\motaphoto\app\public\index.php(17): require('C:\\Users\\gruau\\...')
#8 {main}
  thrown in C:\Users\gruau\Documents\Openclassroom\motaphoto\app\public\wp-content\themes\motaphoto\templates-parts\photo_block.php on line 34
[05-Oct-2023 23:16:16 UTC] PHP Fatal error:  Uncaught TypeError: strip_tags(): Argument #1 ($string) must be of type string, WP_Error given in C:\Users\gruau\Documents\Openclassroom\motaphoto\app\public\wp-content\themes\motaphoto\templates-parts\photo_block.php:34
Stack trace:
#0 C:\Users\gruau\Documents\Openclassroom\motaphoto\app\public\wp-content\themes\motaphoto\templates-parts\photo_block.php(34): strip_tags(Object(WP_Error))
#1 C:\Users\gruau\Documents\Openclassroom\motaphoto\app\public\wp-includes\template.php(787): require('C:\\Users\\gruau\\...')
#2 C:\Users\gruau\Documents\Openclassroom\motaphoto\app\public\wp-includes\template.php(720): load_template('C:\\Users\\gruau\\...', false, Array)
#3 C:\Users\gruau\Documents\Openclassroom\motaphoto\app\public\wp-includes\general-template.php(206): locate_template(Array, true, false, Array)
#4 C:\Users\gruau\Documents\Openclassroom\motaphoto\app\public\wp-content\themes\motaphoto\single-photo.php(120): get_template_part('/templates-part...')
#5 C:\Users\gruau\Documents\Openclassroom\motaphoto\app\public\wp-includes\template-loader.php(106): include('C:\\Users\\gruau\\...')
#6 C:\Users\gruau\Documents\Openclassroom\motaphoto\app\public\wp-blog-header.php(19): require_once('C:\\Users\\gruau\\...')
#7 C:\Users\gruau\Documents\Openclassroom\motaphoto\app\public\index.php(17): require('C:\\Users\\gruau\\...')
#8 {main}
  thrown in C:\Users\gruau\Documents\Openclassroom\motaphoto\app\public\wp-content\themes\motaphoto\templates-parts\photo_block.php on line 34
[05-Oct-2023 23:16:17 UTC] PHP Fatal error:  Uncaught TypeError: strip_tags(): Argument #1 ($string) must be of type string, WP_Error given in C:\Users\gruau\Documents\Openclassroom\motaphoto\app\public\wp-content\themes\motaphoto\templates-parts\photo_block.php:34
Stack trace:
#0 C:\Users\gruau\Documents\Openclassroom\motaphoto\app\public\wp-content\themes\motaphoto\templates-parts\photo_block.php(34): strip_tags(Object(WP_Error))
#1 C:\Users\gruau\Documents\Openclassroom\motaphoto\app\public\wp-includes\template.php(787): require('C:\\Users\\gruau\\...')
#2 C:\Users\gruau\Documents\Openclassroom\motaphoto\app\public\wp-includes\template.php(720): load_template('C:\\Users\\gruau\\...', false, Array)
#3 C:\Users\gruau\Documents\Openclassroom\motaphoto\app\public\wp-includes\general-template.php(206): locate_template(Array, true, false, Array)
#4 C:\Users\gruau\Documents\Openclassroom\motaphoto\app\public\wp-content\themes\motaphoto\single-photo.php(120): get_template_part('/templates-part...')
#5 C:\Users\gruau\Documents\Openclassroom\motaphoto\app\public\wp-includes\template-loader.php(106): include('C:\\Users\\gruau\\...')
#6 C:\Users\gruau\Documents\Openclassroom\motaphoto\app\public\wp-blog-header.php(19): require_once('C:\\Users\\gruau\\...')
#7 C:\Users\gruau\Documents\Openclassroom\motaphoto\app\public\index.php(17): require('C:\\Users\\gruau\\...')
#8 {main}
  thrown in C:\Users\gruau\Documents\Openclassroom\motaphoto\app\public\wp-content\themes\motaphoto\templates-parts\photo_block.php on line 34
[05-Oct-2023 23:16:22 UTC] PHP Fatal error:  Uncaught TypeError: strip_tags(): Argument #1 ($string) must be of type string, WP_Error given in C:\Users\gruau\Documents\Openclassroom\motaphoto\app\public\wp-content\themes\motaphoto\templates-parts\photo_block.php:34
Stack trace:
#0 C:\Users\gruau\Documents\Openclassroom\motaphoto\app\public\wp-content\themes\motaphoto\templates-parts\photo_block.php(34): strip_tags(Object(WP_Error))
#1 C:\Users\gruau\Documents\Openclassroom\motaphoto\app\public\wp-includes\template.php(787): require('C:\\Users\\gruau\\...')
#2 C:\Users\gruau\Documents\Openclassroom\motaphoto\app\public\wp-includes\template.php(720): load_template('C:\\Users\\gruau\\...', false, Array)
#3 C:\Users\gruau\Documents\Openclassroom\motaphoto\app\public\wp-includes\general-template.php(206): locate_template(Array, true, false, Array)
#4 C:\Users\gruau\Documents\Openclassroom\motaphoto\app\public\wp-content\themes\motaphoto\single-photo.php(120): get_template_part('/templates-part...')
#5 C:\Users\gruau\Documents\Openclassroom\motaphoto\app\public\wp-includes\template-loader.php(106): include('C:\\Users\\gruau\\...')
#6 C:\Users\gruau\Documents\Openclassroom\motaphoto\app\public\wp-blog-header.php(19): require_once('C:\\Users\\gruau\\...')
#7 C:\Users\gruau\Documents\Openclassroom\motaphoto\app\public\index.php(17): require('C:\\Users\\gruau\\...')
#8 {main}
  thrown in C:\Users\gruau\Documents\Openclassroom\motaphoto\app\public\wp-content\themes\motaphoto\templates-parts\photo_block.php on line 34
[05-Oct-2023 23:17:11 UTC] PHP Fatal error:  Uncaught TypeError: strip_tags(): Argument #1 ($string) must be of type string, WP_Error given in C:\Users\gruau\Documents\Openclassroom\motaphoto\app\public\wp-content\themes\motaphoto\templates-parts\photo_block.php:34
Stack trace:
#0 C:\Users\gruau\Documents\Openclassroom\motaphoto\app\public\wp-content\themes\motaphoto\templates-parts\photo_block.php(34): strip_tags(Object(WP_Error))
#1 C:\Users\gruau\Documents\Openclassroom\motaphoto\app\public\wp-includes\template.php(787): require('C:\\Users\\gruau\\...')
#2 C:\Users\gruau\Documents\Openclassroom\motaphoto\app\public\wp-includes\template.php(720): load_template('C:\\Users\\gruau\\...', false, Array)
#3 C:\Users\gruau\Documents\Openclassroom\motaphoto\app\public\wp-includes\general-template.php(206): locate_template(Array, true, false, Array)
#4 C:\Users\gruau\Documents\Openclassroom\motaphoto\app\public\wp-content\themes\motaphoto\single-photo.php(120): get_template_part('/templates-part...')
#5 C:\Users\gruau\Documents\Openclassroom\motaphoto\app\public\wp-includes\template-loader.php(106): include('C:\\Users\\gruau\\...')
#6 C:\Users\gruau\Documents\Openclassroom\motaphoto\app\public\wp-blog-header.php(19): require_once('C:\\Users\\gruau\\...')
#7 C:\Users\gruau\Documents\Openclassroom\motaphoto\app\public\index.php(17): require('C:\\Users\\gruau\\...')
#8 {main}
  thrown in C:\Users\gruau\Documents\Openclassroom\motaphoto\app\public\wp-content\themes\motaphoto\templates-parts\photo_block.php on line 34
[05-Oct-2023 23:17:38 UTC] PHP Fatal error:  Uncaught TypeError: strip_tags(): Argument #1 ($string) must be of type string, WP_Error given in C:\Users\gruau\Documents\Openclassroom\motaphoto\app\public\wp-content\themes\motaphoto\templates-parts\photo_block.php:34
Stack trace:
#0 C:\Users\gruau\Documents\Openclassroom\motaphoto\app\public\wp-content\themes\motaphoto\templates-parts\photo_block.php(34): strip_tags(Object(WP_Error))
#1 C:\Users\gruau\Documents\Openclassroom\motaphoto\app\public\wp-includes\template.php(787): require('C:\\Users\\gruau\\...')
#2 C:\Users\gruau\Documents\Openclassroom\motaphoto\app\public\wp-includes\template.php(720): load_template('C:\\Users\\gruau\\...', false, Array)
#3 C:\Users\gruau\Documents\Openclassroom\motaphoto\app\public\wp-includes\general-template.php(206): locate_template(Array, true, false, Array)
#4 C:\Users\gruau\Documents\Openclassroom\motaphoto\app\public\wp-content\themes\motaphoto\single-photo.php(120): get_template_part('/templates-part...')
#5 C:\Users\gruau\Documents\Openclassroom\motaphoto\app\public\wp-includes\template-loader.php(106): include('C:\\Users\\gruau\\...')
#6 C:\Users\gruau\Documents\Openclassroom\motaphoto\app\public\wp-blog-header.php(19): require_once('C:\\Users\\gruau\\...')
#7 C:\Users\gruau\Documents\Openclassroom\motaphoto\app\public\index.php(17): require('C:\\Users\\gruau\\...')
#8 {main}
  thrown in C:\Users\gruau\Documents\Openclassroom\motaphoto\app\public\wp-content\themes\motaphoto\templates-parts\photo_block.php on line 34
[05-Oct-2023 23:18:01 UTC] PHP Fatal error:  Uncaught TypeError: strip_tags(): Argument #1 ($string) must be of type string, WP_Error given in C:\Users\gruau\Documents\Openclassroom\motaphoto\app\public\wp-content\themes\motaphoto\templates-parts\photo_block.php:34
Stack trace:
#0 C:\Users\gruau\Documents\Openclassroom\motaphoto\app\public\wp-content\themes\motaphoto\templates-parts\photo_block.php(34): strip_tags(Object(WP_Error))
#1 C:\Users\gruau\Documents\Openclassroom\motaphoto\app\public\wp-includes\template.php(787): require('C:\\Users\\gruau\\...')
#2 C:\Users\gruau\Documents\Openclassroom\motaphoto\app\public\wp-includes\template.php(720): load_template('C:\\Users\\gruau\\...', false, Array)
#3 C:\Users\gruau\Documents\Openclassroom\motaphoto\app\public\wp-includes\general-template.php(206): locate_template(Array, true, false, Array)
#4 C:\Users\gruau\Documents\Openclassroom\motaphoto\app\public\wp-content\themes\motaphoto\single-photo.php(120): get_template_part('/templates-part...')
#5 C:\Users\gruau\Documents\Openclassroom\motaphoto\app\public\wp-includes\template-loader.php(106): include('C:\\Users\\gruau\\...')
#6 C:\Users\gruau\Documents\Openclassroom\motaphoto\app\public\wp-blog-header.php(19): require_once('C:\\Users\\gruau\\...')
#7 C:\Users\gruau\Documents\Openclassroom\motaphoto\app\public\index.php(17): require('C:\\Users\\gruau\\...')
#8 {main}
  thrown in C:\Users\gruau\Documents\Openclassroom\motaphoto\app\public\wp-content\themes\motaphoto\templates-parts\photo_block.php on line 34
[05-Oct-2023 23:36:17 UTC] PHP Fatal error:  Uncaught ValueError: Path cannot be empty in C:\Users\gruau\Documents\Openclassroom\motaphoto\app\public\wp-content\themes\motaphoto\single-photo.php:120
Stack trace:
#0 C:\Users\gruau\Documents\Openclassroom\motaphoto\app\public\wp-includes\template-loader.php(106): include()
#1 C:\Users\gruau\Documents\Openclassroom\motaphoto\app\public\wp-blog-header.php(19): require_once('C:\\Users\\gruau\\...')
#2 C:\Users\gruau\Documents\Openclassroom\motaphoto\app\public\index.php(17): require('C:\\Users\\gruau\\...')
#3 {main}
  thrown in C:\Users\gruau\Documents\Openclassroom\motaphoto\app\public\wp-content\themes\motaphoto\single-photo.php on line 120
[05-Oct-2023 23:45:38 UTC] PHP Warning:  Attempt to read property "name" on array in C:\Users\gruau\Documents\Openclassroom\motaphoto\app\public\wp-content\themes\motaphoto\single-photo.php on line 26
[11-Oct-2023 00:19:22 UTC] PHP Warning:  Attempt to read property "title" on null in C:\Users\gruau\Documents\Openclassroom\motaphoto\app\public\wp-includes\class-wp-customize-widgets.php on line 905
[11-Oct-2023 00:25:27 UTC] PHP Warning:  Attempt to read property "name" on array in C:\Users\gruau\Documents\Openclassroom\motaphoto\app\public\wp-content\themes\motaphoto\single-photo.php on line 28
[11-Oct-2023 00:25:27 UTC] PHP Warning:  Attempt to read property "name" on array in C:\Users\gruau\Documents\Openclassroom\motaphoto\app\public\wp-content\themes\motaphoto\single-photo.php on line 28
[11-Oct-2023 23:30:37 UTC] PHP Warning:  Attempt to read property "name" on array in C:\Users\gruau\Documents\Openclassroom\motaphoto\app\public\wp-content\themes\motaphoto\home.php on line 49
[11-Oct-2023 23:30:37 UTC] PHP Warning:  Attempt to read property "name" on array in C:\Users\gruau\Documents\Openclassroom\motaphoto\app\public\wp-content\themes\motaphoto\home.php on line 49
[11-Oct-2023 23:30:37 UTC] PHP Warning:  Attempt to read property "name" on array in C:\Users\gruau\Documents\Openclassroom\motaphoto\app\public\wp-content\themes\motaphoto\home.php on line 49
[11-Oct-2023 23:30:37 UTC] PHP Warning:  Attempt to read property "name" on array in C:\Users\gruau\Documents\Openclassroom\motaphoto\app\public\wp-content\themes\motaphoto\home.php on line 49
[13-Oct-2023 21:24:17 UTC] PHP Warning:  Undefined variable $output in C:\Users\gruau\Documents\Openclassroom\motaphoto\app\public\wp-content\themes\motaphoto\functions.php on line 82
[13-Oct-2023 21:24:18 UTC] PHP Warning:  Undefined variable $output in C:\Users\gruau\Documents\Openclassroom\motaphoto\app\public\wp-content\themes\motaphoto\functions.php on line 82
[13-Oct-2023 21:24:18 UTC] PHP Warning:  Undefined variable $output in C:\Users\gruau\Documents\Openclassroom\motaphoto\app\public\wp-content\themes\motaphoto\functions.php on line 82
[13-Oct-2023 21:24:18 UTC] PHP Warning:  Undefined variable $output in C:\Users\gruau\Documents\Openclassroom\motaphoto\app\public\wp-content\themes\motaphoto\functions.php on line 82
[13-Oct-2023 21:24:18 UTC] PHP Warning:  Undefined variable $output in C:\Users\gruau\Documents\Openclassroom\motaphoto\app\public\wp-content\themes\motaphoto\functions.php on line 82
[13-Oct-2023 21:24:18 UTC] PHP Warning:  Undefined variable $output in C:\Users\gruau\Documents\Openclassroom\motaphoto\app\public\wp-content\themes\motaphoto\functions.php on line 82
[13-Oct-2023 21:24:18 UTC] PHP Warning:  Undefined variable $output in C:\Users\gruau\Documents\Openclassroom\motaphoto\app\public\wp-content\themes\motaphoto\functions.php on line 82
[14-Oct-2023 21:35:10 UTC] PHP Warning:  Undefined variable $output in C:\Users\gruau\Documents\Openclassroom\motaphoto\app\public\wp-content\themes\motaphoto\functions.php on line 83
[15-Oct-2023 00:11:51 UTC] PHP Warning:  Undefined variable $output in C:\Users\gruau\Documents\Openclassroom\motaphoto\app\public\wp-content\themes\motaphoto\functions.php on line 107
[15-Oct-2023 00:11:54 UTC] PHP Warning:  Undefined variable $output in C:\Users\gruau\Documents\Openclassroom\motaphoto\app\public\wp-content\themes\motaphoto\functions.php on line 107
[15-Oct-2023 00:11:55 UTC] PHP Warning:  Undefined variable $output in C:\Users\gruau\Documents\Openclassroom\motaphoto\app\public\wp-content\themes\motaphoto\functions.php on line 107
[15-Oct-2023 00:11:57 UTC] PHP Warning:  Undefined variable $output in C:\Users\gruau\Documents\Openclassroom\motaphoto\app\public\wp-content\themes\motaphoto\functions.php on line 107
[15-Oct-2023 00:12:02 UTC] PHP Warning:  Undefined variable $output in C:\Users\gruau\Documents\Openclassroom\motaphoto\app\public\wp-content\themes\motaphoto\functions.php on line 107
[15-Oct-2023 00:12:52 UTC] PHP Warning:  Undefined variable $output in C:\Users\gruau\Documents\Openclassroom\motaphoto\app\public\wp-content\themes\motaphoto\functions.php on line 107
[15-Oct-2023 00:13:14 UTC] PHP Warning:  Undefined variable $output in C:\Users\gruau\Documents\Openclassroom\motaphoto\app\public\wp-content\themes\motaphoto\functions.php on line 107
[15-Oct-2023 00:13:28 UTC] PHP Warning:  Undefined variable $output in C:\Users\gruau\Documents\Openclassroom\motaphoto\app\public\wp-content\themes\motaphoto\functions.php on line 167
[15-Oct-2023 00:13:31 UTC] PHP Warning:  Undefined variable $output in C:\Users\gruau\Documents\Openclassroom\motaphoto\app\public\wp-content\themes\motaphoto\functions.php on line 107
[15-Oct-2023 00:13:36 UTC] PHP Warning:  Undefined variable $output in C:\Users\gruau\Documents\Openclassroom\motaphoto\app\public\wp-content\themes\motaphoto\functions.php on line 107
[15-Oct-2023 00:14:09 UTC] PHP Warning:  Undefined variable $output in C:\Users\gruau\Documents\Openclassroom\motaphoto\app\public\wp-content\themes\motaphoto\functions.php on line 107
[15-Oct-2023 00:42:02 UTC] PHP Warning:  Undefined variable $output in C:\Users\gruau\Documents\Openclassroom\motaphoto\app\public\wp-content\themes\motaphoto\functions.php on line 131
[15-Oct-2023 00:42:10 UTC] PHP Warning:  Undefined variable $output in C:\Users\gruau\Documents\Openclassroom\motaphoto\app\public\wp-content\themes\motaphoto\functions.php on line 131
[15-Oct-2023 00:45:06 UTC] PHP Warning:  Undefined variable $output in C:\Users\gruau\Documents\Openclassroom\motaphoto\app\public\wp-content\themes\motaphoto\functions.php on line 131
[15-Oct-2023 00:45:15 UTC] PHP Warning:  Undefined variable $output in C:\Users\gruau\Documents\Openclassroom\motaphoto\app\public\wp-content\themes\motaphoto\functions.php on line 131
[15-Oct-2023 00:45:26 UTC] PHP Warning:  Undefined variable $output in C:\Users\gruau\Documents\Openclassroom\motaphoto\app\public\wp-content\themes\motaphoto\functions.php on line 131
[15-Oct-2023 00:45:32 UTC] PHP Warning:  Undefined variable $output in C:\Users\gruau\Documents\Openclassroom\motaphoto\app\public\wp-content\themes\motaphoto\functions.php on line 131
[15-Oct-2023 00:46:22 UTC] PHP Warning:  Undefined variable $output in C:\Users\gruau\Documents\Openclassroom\motaphoto\app\public\wp-content\themes\motaphoto\functions.php on line 131
[15-Oct-2023 00:46:30 UTC] PHP Warning:  Undefined variable $output in C:\Users\gruau\Documents\Openclassroom\motaphoto\app\public\wp-content\themes\motaphoto\functions.php on line 131
[15-Oct-2023 00:46:33 UTC] PHP Warning:  Undefined variable $output in C:\Users\gruau\Documents\Openclassroom\motaphoto\app\public\wp-content\themes\motaphoto\functions.php on line 131
[15-Oct-2023 00:49:26 UTC] PHP Warning:  Undefined variable $output in C:\Users\gruau\Documents\Openclassroom\motaphoto\app\public\wp-content\themes\motaphoto\functions.php on line 131
[15-Oct-2023 00:49:28 UTC] PHP Warning:  Undefined variable $output in C:\Users\gruau\Documents\Openclassroom\motaphoto\app\public\wp-content\themes\motaphoto\functions.php on line 131
[15-Oct-2023 00:49:30 UTC] PHP Warning:  Undefined variable $output in C:\Users\gruau\Documents\Openclassroom\motaphoto\app\public\wp-content\themes\motaphoto\functions.php on line 131
[15-Oct-2023 00:49:33 UTC] PHP Warning:  Undefined variable $output in C:\Users\gruau\Documents\Openclassroom\motaphoto\app\public\wp-content\themes\motaphoto\functions.php on line 131
[15-Oct-2023 00:49:39 UTC] PHP Warning:  Undefined variable $output in C:\Users\gruau\Documents\Openclassroom\motaphoto\app\public\wp-content\themes\motaphoto\functions.php on line 131
[15-Oct-2023 00:50:11 UTC] PHP Warning:  Undefined variable $output in C:\Users\gruau\Documents\Openclassroom\motaphoto\app\public\wp-content\themes\motaphoto\functions.php on line 131
[15-Oct-2023 00:50:16 UTC] PHP Warning:  Undefined variable $output in C:\Users\gruau\Documents\Openclassroom\motaphoto\app\public\wp-content\themes\motaphoto\functions.php on line 131
[15-Oct-2023 00:50:21 UTC] PHP Warning:  Undefined variable $output in C:\Users\gruau\Documents\Openclassroom\motaphoto\app\public\wp-content\themes\motaphoto\functions.php on line 131
[15-Oct-2023 00:50:23 UTC] PHP Warning:  Undefined variable $output in C:\Users\gruau\Documents\Openclassroom\motaphoto\app\public\wp-content\themes\motaphoto\functions.php on line 131
[15-Oct-2023 01:04:16 UTC] PHP Warning:  Undefined variable $output in C:\Users\gruau\Documents\Openclassroom\motaphoto\app\public\wp-content\themes\motaphoto\functions.php on line 131
[15-Oct-2023 01:04:37 UTC] PHP Warning:  Undefined variable $output in C:\Users\gruau\Documents\Openclassroom\motaphoto\app\public\wp-content\themes\motaphoto\functions.php on line 131
[15-Oct-2023 01:04:39 UTC] PHP Warning:  Undefined variable $output in C:\Users\gruau\Documents\Openclassroom\motaphoto\app\public\wp-content\themes\motaphoto\functions.php on line 131
[15-Oct-2023 01:10:56 UTC] PHP Warning:  Undefined variable $output in C:\Users\gruau\Documents\Openclassroom\motaphoto\app\public\wp-content\themes\motaphoto\functions.php on line 131
[15-Oct-2023 01:11:03 UTC] PHP Warning:  Undefined variable $output in C:\Users\gruau\Documents\Openclassroom\motaphoto\app\public\wp-content\themes\motaphoto\functions.php on line 131
[15-Oct-2023 01:11:05 UTC] PHP Warning:  Undefined variable $output in C:\Users\gruau\Documents\Openclassroom\motaphoto\app\public\wp-content\themes\motaphoto\functions.php on line 131
[15-Oct-2023 01:11:12 UTC] PHP Warning:  Undefined variable $output in C:\Users\gruau\Documents\Openclassroom\motaphoto\app\public\wp-content\themes\motaphoto\functions.php on line 131
[15-Oct-2023 01:11:57 UTC] PHP Warning:  Undefined variable $output in C:\Users\gruau\Documents\Openclassroom\motaphoto\app\public\wp-content\themes\motaphoto\functions.php on line 131
[15-Oct-2023 01:12:00 UTC] PHP Warning:  Undefined variable $output in C:\Users\gruau\Documents\Openclassroom\motaphoto\app\public\wp-content\themes\motaphoto\functions.php on line 131
[15-Oct-2023 01:12:09 UTC] PHP Warning:  Undefined variable $output in C:\Users\gruau\Documents\Openclassroom\motaphoto\app\public\wp-content\themes\motaphoto\functions.php on line 131
[15-Oct-2023 01:12:19 UTC] PHP Warning:  Undefined variable $output in C:\Users\gruau\Documents\Openclassroom\motaphoto\app\public\wp-content\themes\motaphoto\functions.php on line 131
[15-Oct-2023 01:12:21 UTC] PHP Warning:  Undefined variable $output in C:\Users\gruau\Documents\Openclassroom\motaphoto\app\public\wp-content\themes\motaphoto\functions.php on line 131
[15-Oct-2023 01:12:36 UTC] PHP Warning:  Undefined variable $output in C:\Users\gruau\Documents\Openclassroom\motaphoto\app\public\wp-content\themes\motaphoto\functions.php on line 131
[15-Oct-2023 01:14:11 UTC] PHP Warning:  Undefined variable $output in C:\Users\gruau\Documents\Openclassroom\motaphoto\app\public\wp-content\themes\motaphoto\functions.php on line 131
[15-Oct-2023 01:14:22 UTC] PHP Warning:  Undefined variable $output in C:\Users\gruau\Documents\Openclassroom\motaphoto\app\public\wp-content\themes\motaphoto\functions.php on line 131
[15-Oct-2023 01:14:32 UTC] PHP Warning:  Undefined variable $output in C:\Users\gruau\Documents\Openclassroom\motaphoto\app\public\wp-content\themes\motaphoto\functions.php on line 131
[15-Oct-2023 01:14:37 UTC] PHP Warning:  Undefined variable $output in C:\Users\gruau\Documents\Openclassroom\motaphoto\app\public\wp-content\themes\motaphoto\functions.php on line 131
[15-Oct-2023 01:14:42 UTC] PHP Warning:  Undefined variable $output in C:\Users\gruau\Documents\Openclassroom\motaphoto\app\public\wp-content\themes\motaphoto\functions.php on line 131
[15-Oct-2023 01:16:34 UTC] PHP Warning:  Undefined variable $output in C:\Users\gruau\Documents\Openclassroom\motaphoto\app\public\wp-content\themes\motaphoto\functions.php on line 131
[15-Oct-2023 01:20:57 UTC] PHP Warning:  Undefined variable $output in C:\Users\gruau\Documents\Openclassroom\motaphoto\app\public\wp-content\themes\motaphoto\functions.php on line 146
[15-Oct-2023 01:23:45 UTC] PHP Warning:  Undefined variable $output in C:\Users\gruau\Documents\Openclassroom\motaphoto\app\public\wp-content\themes\motaphoto\functions.php on line 146
[15-Oct-2023 01:24:38 UTC] PHP Warning:  Undefined variable $output in C:\Users\gruau\Documents\Openclassroom\motaphoto\app\public\wp-content\themes\motaphoto\functions.php on line 146
[15-Oct-2023 01:27:12 UTC] PHP Warning:  Undefined variable $output in C:\Users\gruau\Documents\Openclassroom\motaphoto\app\public\wp-content\themes\motaphoto\functions.php on line 146
[15-Oct-2023 01:31:10 UTC] PHP Warning:  Undefined array key "$formatOption" in C:\Users\gruau\Documents\Openclassroom\motaphoto\app\public\wp-content\themes\motaphoto\functions.php on line 96
[15-Oct-2023 01:31:10 UTC] PHP Warning:  Undefined variable $output in C:\Users\gruau\Documents\Openclassroom\motaphoto\app\public\wp-content\themes\motaphoto\functions.php on line 149
[15-Oct-2023 01:31:18 UTC] PHP Warning:  Undefined array key "$formatOption" in C:\Users\gruau\Documents\Openclassroom\motaphoto\app\public\wp-content\themes\motaphoto\functions.php on line 96
[15-Oct-2023 01:31:18 UTC] PHP Warning:  Undefined variable $output in C:\Users\gruau\Documents\Openclassroom\motaphoto\app\public\wp-content\themes\motaphoto\functions.php on line 149
[15-Oct-2023 01:31:23 UTC] PHP Warning:  Undefined array key "$formatOption" in C:\Users\gruau\Documents\Openclassroom\motaphoto\app\public\wp-content\themes\motaphoto\functions.php on line 96
[15-Oct-2023 01:31:23 UTC] PHP Warning:  Undefined variable $output in C:\Users\gruau\Documents\Openclassroom\motaphoto\app\public\wp-content\themes\motaphoto\functions.php on line 149
[15-Oct-2023 01:31:31 UTC] PHP Warning:  Undefined array key "$formatOption" in C:\Users\gruau\Documents\Openclassroom\motaphoto\app\public\wp-content\themes\motaphoto\functions.php on line 96
[15-Oct-2023 01:31:31 UTC] PHP Warning:  Undefined variable $output in C:\Users\gruau\Documents\Openclassroom\motaphoto\app\public\wp-content\themes\motaphoto\functions.php on line 149
[15-Oct-2023 01:32:16 UTC] PHP Warning:  Undefined array key "$formatOption" in C:\Users\gruau\Documents\Openclassroom\motaphoto\app\public\wp-content\themes\motaphoto\functions.php on line 96
[15-Oct-2023 01:32:16 UTC] PHP Warning:  Undefined variable $output in C:\Users\gruau\Documents\Openclassroom\motaphoto\app\public\wp-content\themes\motaphoto\functions.php on line 149
[15-Oct-2023 01:32:22 UTC] PHP Warning:  Undefined array key "$formatOption" in C:\Users\gruau\Documents\Openclassroom\motaphoto\app\public\wp-content\themes\motaphoto\functions.php on line 96
[15-Oct-2023 01:32:22 UTC] PHP Warning:  Undefined variable $output in C:\Users\gruau\Documents\Openclassroom\motaphoto\app\public\wp-content\themes\motaphoto\functions.php on line 149
[15-Oct-2023 01:32:24 UTC] PHP Warning:  Undefined array key "$formatOption" in C:\Users\gruau\Documents\Openclassroom\motaphoto\app\public\wp-content\themes\motaphoto\functions.php on line 96
[15-Oct-2023 01:32:24 UTC] PHP Warning:  Undefined variable $output in C:\Users\gruau\Documents\Openclassroom\motaphoto\app\public\wp-content\themes\motaphoto\functions.php on line 149
[15-Oct-2023 01:32:29 UTC] PHP Warning:  Undefined array key "$formatOption" in C:\Users\gruau\Documents\Openclassroom\motaphoto\app\public\wp-content\themes\motaphoto\functions.php on line 96
[15-Oct-2023 01:32:29 UTC] PHP Warning:  Undefined variable $output in C:\Users\gruau\Documents\Openclassroom\motaphoto\app\public\wp-content\themes\motaphoto\functions.php on line 149
[15-Oct-2023 01:34:45 UTC] PHP Warning:  Undefined array key "$formatOption" in C:\Users\gruau\Documents\Openclassroom\motaphoto\app\public\wp-content\themes\motaphoto\functions.php on line 96
[15-Oct-2023 01:34:45 UTC] PHP Warning:  Undefined variable $output in C:\Users\gruau\Documents\Openclassroom\motaphoto\app\public\wp-content\themes\motaphoto\functions.php on line 149
[15-Oct-2023 01:39:26 UTC] PHP Warning:  Undefined array key "$formatOption" in C:\Users\gruau\Documents\Openclassroom\motaphoto\app\public\wp-content\themes\motaphoto\functions.php on line 96
[15-Oct-2023 01:39:26 UTC] PHP Warning:  Undefined variable $output in C:\Users\gruau\Documents\Openclassroom\motaphoto\app\public\wp-content\themes\motaphoto\functions.php on line 131
[15-Oct-2023 01:42:59 UTC] PHP Warning:  Undefined array key "$formatOption" in C:\Users\gruau\Documents\Openclassroom\motaphoto\app\public\wp-content\themes\motaphoto\functions.php on line 96
[15-Oct-2023 01:42:59 UTC] PHP Warning:  Undefined variable $output in C:\Users\gruau\Documents\Openclassroom\motaphoto\app\public\wp-content\themes\motaphoto\functions.php on line 131
[17-Oct-2023 19:13:31 UTC] PHP Warning:  Undefined array key "nbArticles" in C:\Users\gruau\Documents\Openclassroom\motaphoto\app\public\wp-content\themes\motaphoto\functions.php on line 211
[17-Oct-2023 19:15:54 UTC] PHP Warning:  Undefined array key "nbArticles" in C:\Users\gruau\Documents\Openclassroom\motaphoto\app\public\wp-content\themes\motaphoto\functions.php on line 152
[17-Oct-2023 19:16:25 UTC] PHP Warning:  Undefined array key "nbArticles" in C:\Users\gruau\Documents\Openclassroom\motaphoto\app\public\wp-content\themes\motaphoto\functions.php on line 152
[17-Oct-2023 19:16:30 UTC] PHP Warning:  Undefined array key "nbArticles" in C:\Users\gruau\Documents\Openclassroom\motaphoto\app\public\wp-content\themes\motaphoto\functions.php on line 152
[17-Oct-2023 19:16:35 UTC] PHP Warning:  Undefined array key "nbArticles" in C:\Users\gruau\Documents\Openclassroom\motaphoto\app\public\wp-content\themes\motaphoto\functions.php on line 211
[17-Oct-2023 19:16:37 UTC] PHP Warning:  Undefined array key "nbArticles" in C:\Users\gruau\Documents\Openclassroom\motaphoto\app\public\wp-content\themes\motaphoto\functions.php on line 211
[22-Oct-2023 19:05:27 UTC] PHP Warning:  Undefined array key "sorting" in C:\Users\gruau\Documents\Openclassroom\motaphoto\app\public\wp-content\themes\motaphoto\functions.php on line 59
[22-Oct-2023 19:05:32 UTC] PHP Warning:  Undefined array key "sorting" in C:\Users\gruau\Documents\Openclassroom\motaphoto\app\public\wp-content\themes\motaphoto\functions.php on line 59
[22-Oct-2023 19:05:33 UTC] PHP Warning:  Undefined array key "sorting" in C:\Users\gruau\Documents\Openclassroom\motaphoto\app\public\wp-content\themes\motaphoto\functions.php on line 59
[22-Oct-2023 19:05:41 UTC] PHP Warning:  Undefined array key "sorting" in C:\Users\gruau\Documents\Openclassroom\motaphoto\app\public\wp-content\themes\motaphoto\functions.php on line 59
[22-Oct-2023 19:05:42 UTC] PHP Warning:  Undefined array key "sorting" in C:\Users\gruau\Documents\Openclassroom\motaphoto\app\public\wp-content\themes\motaphoto\functions.php on line 59
[22-Oct-2023 19:05:44 UTC] PHP Warning:  Undefined array key "sorting" in C:\Users\gruau\Documents\Openclassroom\motaphoto\app\public\wp-content\themes\motaphoto\functions.php on line 59
[22-Oct-2023 19:05:44 UTC] PHP Warning:  Undefined array key "sorting" in C:\Users\gruau\Documents\Openclassroom\motaphoto\app\public\wp-content\themes\motaphoto\functions.php on line 59
[22-Oct-2023 19:05:46 UTC] PHP Warning:  Undefined array key "sorting" in C:\Users\gruau\Documents\Openclassroom\motaphoto\app\public\wp-content\themes\motaphoto\functions.php on line 59
[22-Oct-2023 19:05:47 UTC] PHP Warning:  Undefined array key "sorting" in C:\Users\gruau\Documents\Openclassroom\motaphoto\app\public\wp-content\themes\motaphoto\functions.php on line 59
[22-Oct-2023 19:05:48 UTC] PHP Warning:  Undefined array key "sorting" in C:\Users\gruau\Documents\Openclassroom\motaphoto\app\public\wp-content\themes\motaphoto\functions.php on line 59
[22-Oct-2023 19:05:50 UTC] PHP Warning:  Undefined array key "sorting" in C:\Users\gruau\Documents\Openclassroom\motaphoto\app\public\wp-content\themes\motaphoto\functions.php on line 59
[22-Oct-2023 19:05:51 UTC] PHP Warning:  Undefined array key "sorting" in C:\Users\gruau\Documents\Openclassroom\motaphoto\app\public\wp-content\themes\motaphoto\functions.php on line 59
[22-Oct-2023 19:05:53 UTC] PHP Warning:  Undefined array key "sorting" in C:\Users\gruau\Documents\Openclassroom\motaphoto\app\public\wp-content\themes\motaphoto\functions.php on line 59
[22-Oct-2023 19:05:54 UTC] PHP Warning:  Undefined array key "sorting" in C:\Users\gruau\Documents\Openclassroom\motaphoto\app\public\wp-content\themes\motaphoto\functions.php on line 59
[22-Oct-2023 19:05:55 UTC] PHP Warning:  Undefined array key "sorting" in C:\Users\gruau\Documents\Openclassroom\motaphoto\app\public\wp-content\themes\motaphoto\functions.php on line 59
[22-Oct-2023 19:05:56 UTC] PHP Warning:  Undefined array key "sorting" in C:\Users\gruau\Documents\Openclassroom\motaphoto\app\public\wp-content\themes\motaphoto\functions.php on line 59
[22-Oct-2023 19:05:58 UTC] PHP Warning:  Undefined array key "sorting" in C:\Users\gruau\Documents\Openclassroom\motaphoto\app\public\wp-content\themes\motaphoto\functions.php on line 59
[22-Oct-2023 19:06:01 UTC] PHP Warning:  Undefined array key "sorting" in C:\Users\gruau\Documents\Openclassroom\motaphoto\app\public\wp-content\themes\motaphoto\functions.php on line 59
[22-Oct-2023 19:06:06 UTC] PHP Warning:  Undefined array key "sorting" in C:\Users\gruau\Documents\Openclassroom\motaphoto\app\public\wp-content\themes\motaphoto\functions.php on line 59
[22-Oct-2023 19:06:06 UTC] PHP Warning:  Undefined array key "sorting" in C:\Users\gruau\Documents\Openclassroom\motaphoto\app\public\wp-content\themes\motaphoto\functions.php on line 59
[22-Oct-2023 19:06:06 UTC] PHP Warning:  Undefined array key "sorting" in C:\Users\gruau\Documents\Openclassroom\motaphoto\app\public\wp-content\themes\motaphoto\functions.php on line 59
[22-Oct-2023 19:06:10 UTC] PHP Warning:  Undefined array key "sorting" in C:\Users\gruau\Documents\Openclassroom\motaphoto\app\public\wp-content\themes\motaphoto\functions.php on line 59
[22-Oct-2023 19:06:11 UTC] PHP Warning:  Undefined array key "sorting" in C:\Users\gruau\Documents\Openclassroom\motaphoto\app\public\wp-content\themes\motaphoto\functions.php on line 59
[22-Oct-2023 19:06:15 UTC] PHP Warning:  Undefined array key "sorting" in C:\Users\gruau\Documents\Openclassroom\motaphoto\app\public\wp-content\themes\motaphoto\functions.php on line 59
[22-Oct-2023 19:06:23 UTC] PHP Warning:  Undefined array key "sorting" in C:\Users\gruau\Documents\Openclassroom\motaphoto\app\public\wp-content\themes\motaphoto\functions.php on line 59
[22-Oct-2023 19:06:32 UTC] PHP Warning:  Undefined array key "sorting" in C:\Users\gruau\Documents\Openclassroom\motaphoto\app\public\wp-content\themes\motaphoto\functions.php on line 59
[22-Oct-2023 19:06:35 UTC] PHP Warning:  Undefined array key "sorting" in C:\Users\gruau\Documents\Openclassroom\motaphoto\app\public\wp-content\themes\motaphoto\functions.php on line 59
[22-Oct-2023 19:06:42 UTC] PHP Warning:  Undefined array key "sorting" in C:\Users\gruau\Documents\Openclassroom\motaphoto\app\public\wp-content\themes\motaphoto\functions.php on line 59
[22-Oct-2023 19:06:43 UTC] PHP Warning:  Undefined array key "sorting" in C:\Users\gruau\Documents\Openclassroom\motaphoto\app\public\wp-content\themes\motaphoto\functions.php on line 59
[22-Oct-2023 19:06:59 UTC] PHP Warning:  Undefined array key "sorting" in C:\Users\gruau\Documents\Openclassroom\motaphoto\app\public\wp-content\themes\motaphoto\functions.php on line 59
[22-Oct-2023 19:07:17 UTC] PHP Warning:  Undefined array key "sorting" in C:\Users\gruau\Documents\Openclassroom\motaphoto\app\public\wp-content\themes\motaphoto\functions.php on line 59
[22-Oct-2023 19:07:21 UTC] PHP Warning:  Undefined array key "sorting" in C:\Users\gruau\Documents\Openclassroom\motaphoto\app\public\wp-content\themes\motaphoto\functions.php on line 59
[22-Oct-2023 19:08:47 UTC] PHP Warning:  Undefined array key "sorting" in C:\Users\gruau\Documents\Openclassroom\motaphoto\app\public\wp-content\themes\motaphoto\functions.php on line 59
[22-Oct-2023 19:08:53 UTC] PHP Warning:  Undefined array key "sorting" in C:\Users\gruau\Documents\Openclassroom\motaphoto\app\public\wp-content\themes\motaphoto\functions.php on line 59
[22-Oct-2023 19:08:56 UTC] PHP Warning:  Undefined array key "sorting" in C:\Users\gruau\Documents\Openclassroom\motaphoto\app\public\wp-content\themes\motaphoto\functions.php on line 59
[22-Oct-2023 19:08:58 UTC] PHP Warning:  Undefined array key "sorting" in C:\Users\gruau\Documents\Openclassroom\motaphoto\app\public\wp-content\themes\motaphoto\functions.php on line 59
[22-Oct-2023 19:09:00 UTC] PHP Warning:  Undefined array key "sorting" in C:\Users\gruau\Documents\Openclassroom\motaphoto\app\public\wp-content\themes\motaphoto\functions.php on line 59
[22-Oct-2023 19:09:01 UTC] PHP Warning:  Undefined array key "sorting" in C:\Users\gruau\Documents\Openclassroom\motaphoto\app\public\wp-content\themes\motaphoto\functions.php on line 59
[22-Oct-2023 19:09:02 UTC] PHP Warning:  Undefined array key "sorting" in C:\Users\gruau\Documents\Openclassroom\motaphoto\app\public\wp-content\themes\motaphoto\functions.php on line 59
[22-Oct-2023 19:09:03 UTC] PHP Warning:  Undefined array key "sorting" in C:\Users\gruau\Documents\Openclassroom\motaphoto\app\public\wp-content\themes\motaphoto\functions.php on line 59
[22-Oct-2023 19:09:05 UTC] PHP Warning:  Undefined array key "sorting" in C:\Users\gruau\Documents\Openclassroom\motaphoto\app\public\wp-content\themes\motaphoto\functions.php on line 59
[22-Oct-2023 19:09:07 UTC] PHP Warning:  Undefined array key "sorting" in C:\Users\gruau\Documents\Openclassroom\motaphoto\app\public\wp-content\themes\motaphoto\functions.php on line 59
[22-Oct-2023 19:09:09 UTC] PHP Warning:  Undefined array key "sorting" in C:\Users\gruau\Documents\Openclassroom\motaphoto\app\public\wp-content\themes\motaphoto\functions.php on line 59
[22-Oct-2023 19:09:10 UTC] PHP Warning:  Undefined array key "sorting" in C:\Users\gruau\Documents\Openclassroom\motaphoto\app\public\wp-content\themes\motaphoto\functions.php on line 59
[22-Oct-2023 19:09:12 UTC] PHP Warning:  Undefined array key "sorting" in C:\Users\gruau\Documents\Openclassroom\motaphoto\app\public\wp-content\themes\motaphoto\functions.php on line 59
[22-Oct-2023 19:09:14 UTC] PHP Warning:  Undefined array key "sorting" in C:\Users\gruau\Documents\Openclassroom\motaphoto\app\public\wp-content\themes\motaphoto\functions.php on line 59
[22-Oct-2023 19:09:19 UTC] PHP Warning:  Undefined array key "sorting" in C:\Users\gruau\Documents\Openclassroom\motaphoto\app\public\wp-content\themes\motaphoto\functions.php on line 59
[22-Oct-2023 19:09:21 UTC] PHP Warning:  Undefined array key "sorting" in C:\Users\gruau\Documents\Openclassroom\motaphoto\app\public\wp-content\themes\motaphoto\functions.php on line 59
[22-Oct-2023 19:09:23 UTC] PHP Warning:  Undefined array key "sorting" in C:\Users\gruau\Documents\Openclassroom\motaphoto\app\public\wp-content\themes\motaphoto\functions.php on line 59
[22-Oct-2023 19:09:24 UTC] PHP Warning:  Undefined array key "sorting" in C:\Users\gruau\Documents\Openclassroom\motaphoto\app\public\wp-content\themes\motaphoto\functions.php on line 59
[22-Oct-2023 19:09:26 UTC] PHP Warning:  Undefined array key "sorting" in C:\Users\gruau\Documents\Openclassroom\motaphoto\app\public\wp-content\themes\motaphoto\functions.php on line 59
[22-Oct-2023 19:09:27 UTC] PHP Warning:  Undefined array key "sorting" in C:\Users\gruau\Documents\Openclassroom\motaphoto\app\public\wp-content\themes\motaphoto\functions.php on line 59
[22-Oct-2023 19:09:28 UTC] PHP Warning:  Undefined array key "sorting" in C:\Users\gruau\Documents\Openclassroom\motaphoto\app\public\wp-content\themes\motaphoto\functions.php on line 59
[22-Oct-2023 19:09:32 UTC] PHP Warning:  Undefined array key "sorting" in C:\Users\gruau\Documents\Openclassroom\motaphoto\app\public\wp-content\themes\motaphoto\functions.php on line 59
[22-Oct-2023 19:09:34 UTC] PHP Warning:  Undefined array key "sorting" in C:\Users\gruau\Documents\Openclassroom\motaphoto\app\public\wp-content\themes\motaphoto\functions.php on line 59
[22-Oct-2023 19:10:00 UTC] PHP Warning:  Undefined array key "sorting" in C:\Users\gruau\Documents\Openclassroom\motaphoto\app\public\wp-content\themes\motaphoto\functions.php on line 59
[22-Oct-2023 19:10:03 UTC] PHP Warning:  Undefined array key "sorting" in C:\Users\gruau\Documents\Openclassroom\motaphoto\app\public\wp-content\themes\motaphoto\functions.php on line 59
[22-Oct-2023 19:11:15 UTC] PHP Warning:  Undefined array key "sorting" in C:\Users\gruau\Documents\Openclassroom\motaphoto\app\public\wp-content\themes\motaphoto\functions.php on line 59
[22-Oct-2023 19:11:21 UTC] PHP Warning:  Undefined array key "sorting" in C:\Users\gruau\Documents\Openclassroom\motaphoto\app\public\wp-content\themes\motaphoto\functions.php on line 59
[22-Oct-2023 19:11:26 UTC] PHP Warning:  Undefined array key "sorting" in C:\Users\gruau\Documents\Openclassroom\motaphoto\app\public\wp-content\themes\motaphoto\functions.php on line 59
[22-Oct-2023 19:11:29 UTC] PHP Warning:  Undefined array key "sorting" in C:\Users\gruau\Documents\Openclassroom\motaphoto\app\public\wp-content\themes\motaphoto\functions.php on line 59
[22-Oct-2023 19:11:31 UTC] PHP Warning:  Undefined array key "sorting" in C:\Users\gruau\Documents\Openclassroom\motaphoto\app\public\wp-content\themes\motaphoto\functions.php on line 59
[22-Oct-2023 19:12:19 UTC] PHP Warning:  Undefined array key "sorting" in C:\Users\gruau\Documents\Openclassroom\motaphoto\app\public\wp-content\themes\motaphoto\functions.php on line 59
[22-Oct-2023 19:12:19 UTC] PHP Warning:  Undefined array key "sorting" in C:\Users\gruau\Documents\Openclassroom\motaphoto\app\public\wp-content\themes\motaphoto\functions.php on line 59
[22-Oct-2023 19:12:19 UTC] PHP Warning:  Undefined array key "sorting" in C:\Users\gruau\Documents\Openclassroom\motaphoto\app\public\wp-content\themes\motaphoto\functions.php on line 59
[22-Oct-2023 19:12:19 UTC] PHP Warning:  Undefined array key "sorting" in C:\Users\gruau\Documents\Openclassroom\motaphoto\app\public\wp-content\themes\motaphoto\functions.php on line 59
[22-Oct-2023 19:12:19 UTC] PHP Warning:  Undefined array key "sorting" in C:\Users\gruau\Documents\Openclassroom\motaphoto\app\public\wp-content\themes\motaphoto\functions.php on line 59
[22-Oct-2023 19:12:22 UTC] PHP Warning:  Undefined array key "sorting" in C:\Users\gruau\Documents\Openclassroom\motaphoto\app\public\wp-content\themes\motaphoto\functions.php on line 59
[22-Oct-2023 19:12:24 UTC] PHP Warning:  Undefined array key "sorting" in C:\Users\gruau\Documents\Openclassroom\motaphoto\app\public\wp-content\themes\motaphoto\functions.php on line 59
[22-Oct-2023 19:12:28 UTC] PHP Warning:  Undefined array key "sorting" in C:\Users\gruau\Documents\Openclassroom\motaphoto\app\public\wp-content\themes\motaphoto\functions.php on line 59
[22-Oct-2023 19:12:29 UTC] PHP Warning:  Undefined array key "sorting" in C:\Users\gruau\Documents\Openclassroom\motaphoto\app\public\wp-content\themes\motaphoto\functions.php on line 59
[22-Oct-2023 19:14:15 UTC] PHP Warning:  Undefined array key "sorting" in C:\Users\gruau\Documents\Openclassroom\motaphoto\app\public\wp-content\themes\motaphoto\functions.php on line 59
[22-Oct-2023 19:14:19 UTC] PHP Warning:  Undefined array key "sorting" in C:\Users\gruau\Documents\Openclassroom\motaphoto\app\public\wp-content\themes\motaphoto\functions.php on line 59
[22-Oct-2023 19:17:53 UTC] PHP Warning:  Undefined array key "sorting" in C:\Users\gruau\Documents\Openclassroom\motaphoto\app\public\wp-content\themes\motaphoto\functions.php on line 59
[22-Oct-2023 19:17:56 UTC] PHP Warning:  Undefined array key "sorting" in C:\Users\gruau\Documents\Openclassroom\motaphoto\app\public\wp-content\themes\motaphoto\functions.php on line 59
[22-Oct-2023 19:17:58 UTC] PHP Warning:  Undefined array key "sorting" in C:\Users\gruau\Documents\Openclassroom\motaphoto\app\public\wp-content\themes\motaphoto\functions.php on line 59
[22-Oct-2023 19:18:00 UTC] PHP Warning:  Undefined array key "sorting" in C:\Users\gruau\Documents\Openclassroom\motaphoto\app\public\wp-content\themes\motaphoto\functions.php on line 59
[22-Oct-2023 19:18:01 UTC] PHP Warning:  Undefined array key "sorting" in C:\Users\gruau\Documents\Openclassroom\motaphoto\app\public\wp-content\themes\motaphoto\functions.php on line 59
[22-Oct-2023 19:18:03 UTC] PHP Warning:  Undefined array key "sorting" in C:\Users\gruau\Documents\Openclassroom\motaphoto\app\public\wp-content\themes\motaphoto\functions.php on line 59
[22-Oct-2023 19:18:23 UTC] PHP Warning:  Undefined array key "sorting" in C:\Users\gruau\Documents\Openclassroom\motaphoto\app\public\wp-content\themes\motaphoto\functions.php on line 59
[22-Oct-2023 19:18:32 UTC] PHP Warning:  Undefined array key "sorting" in C:\Users\gruau\Documents\Openclassroom\motaphoto\app\public\wp-content\themes\motaphoto\functions.php on line 59
[22-Oct-2023 19:18:42 UTC] PHP Warning:  Undefined array key "sorting" in C:\Users\gruau\Documents\Openclassroom\motaphoto\app\public\wp-content\themes\motaphoto\functions.php on line 59
[22-Oct-2023 19:20:11 UTC] PHP Warning:  Undefined array key "sorting" in C:\Users\gruau\Documents\Openclassroom\motaphoto\app\public\wp-content\themes\motaphoto\functions.php on line 59
[22-Oct-2023 19:20:20 UTC] PHP Warning:  Undefined array key "sorting" in C:\Users\gruau\Documents\Openclassroom\motaphoto\app\public\wp-content\themes\motaphoto\functions.php on line 59
[22-Oct-2023 19:20:47 UTC] PHP Warning:  Undefined array key "sorting" in C:\Users\gruau\Documents\Openclassroom\motaphoto\app\public\wp-content\themes\motaphoto\functions.php on line 59
[22-Oct-2023 19:20:57 UTC] PHP Warning:  Undefined array key "sorting" in C:\Users\gruau\Documents\Openclassroom\motaphoto\app\public\wp-content\themes\motaphoto\functions.php on line 59
[22-Oct-2023 19:21:18 UTC] PHP Warning:  Undefined array key "sorting" in C:\Users\gruau\Documents\Openclassroom\motaphoto\app\public\wp-content\themes\motaphoto\functions.php on line 59
[22-Oct-2023 19:21:21 UTC] PHP Warning:  Undefined array key "sorting" in C:\Users\gruau\Documents\Openclassroom\motaphoto\app\public\wp-content\themes\motaphoto\functions.php on line 59
[22-Oct-2023 19:21:32 UTC] PHP Warning:  Undefined array key "sorting" in C:\Users\gruau\Documents\Openclassroom\motaphoto\app\public\wp-content\themes\motaphoto\functions.php on line 59
[22-Oct-2023 19:21:56 UTC] PHP Warning:  Undefined array key "sorting" in C:\Users\gruau\Documents\Openclassroom\motaphoto\app\public\wp-content\themes\motaphoto\functions.php on line 59
[22-Oct-2023 19:22:48 UTC] PHP Warning:  Undefined array key "sorting" in C:\Users\gruau\Documents\Openclassroom\motaphoto\app\public\wp-content\themes\motaphoto\functions.php on line 59
[22-Oct-2023 19:22:48 UTC] PHP Warning:  Undefined array key "sorting" in C:\Users\gruau\Documents\Openclassroom\motaphoto\app\public\wp-content\themes\motaphoto\functions.php on line 59
[22-Oct-2023 19:23:03 UTC] PHP Warning:  Undefined array key "sorting" in C:\Users\gruau\Documents\Openclassroom\motaphoto\app\public\wp-content\themes\motaphoto\functions.php on line 59
[22-Oct-2023 19:23:15 UTC] PHP Warning:  Undefined array key "sorting" in C:\Users\gruau\Documents\Openclassroom\motaphoto\app\public\wp-content\themes\motaphoto\functions.php on line 59
[22-Oct-2023 19:23:15 UTC] PHP Warning:  Undefined array key "sorting" in C:\Users\gruau\Documents\Openclassroom\motaphoto\app\public\wp-content\themes\motaphoto\functions.php on line 59
[22-Oct-2023 19:23:21 UTC] PHP Warning:  Undefined array key "sorting" in C:\Users\gruau\Documents\Openclassroom\motaphoto\app\public\wp-content\themes\motaphoto\functions.php on line 59
[22-Oct-2023 19:23:30 UTC] PHP Warning:  Undefined array key "sorting" in C:\Users\gruau\Documents\Openclassroom\motaphoto\app\public\wp-content\themes\motaphoto\functions.php on line 59
[22-Oct-2023 19:23:34 UTC] PHP Warning:  Undefined array key "sorting" in C:\Users\gruau\Documents\Openclassroom\motaphoto\app\public\wp-content\themes\motaphoto\functions.php on line 59
[22-Oct-2023 19:23:35 UTC] PHP Warning:  Undefined array key "sorting" in C:\Users\gruau\Documents\Openclassroom\motaphoto\app\public\wp-content\themes\motaphoto\functions.php on line 59
[22-Oct-2023 19:24:30 UTC] PHP Warning:  Undefined array key "sorting" in C:\Users\gruau\Documents\Openclassroom\motaphoto\app\public\wp-content\themes\motaphoto\functions.php on line 59
[22-Oct-2023 19:24:30 UTC] PHP Warning:  Undefined array key "sorting" in C:\Users\gruau\Documents\Openclassroom\motaphoto\app\public\wp-content\themes\motaphoto\functions.php on line 59
[22-Oct-2023 19:24:32 UTC] PHP Warning:  Undefined array key "sorting" in C:\Users\gruau\Documents\Openclassroom\motaphoto\app\public\wp-content\themes\motaphoto\functions.php on line 59
[22-Oct-2023 19:24:35 UTC] PHP Warning:  Undefined array key "sorting" in C:\Users\gruau\Documents\Openclassroom\motaphoto\app\public\wp-content\themes\motaphoto\functions.php on line 59
[22-Oct-2023 19:24:37 UTC] PHP Warning:  Undefined array key "sorting" in C:\Users\gruau\Documents\Openclassroom\motaphoto\app\public\wp-content\themes\motaphoto\functions.php on line 59
[22-Oct-2023 19:24:39 UTC] PHP Warning:  Undefined array key "sorting" in C:\Users\gruau\Documents\Openclassroom\motaphoto\app\public\wp-content\themes\motaphoto\functions.php on line 59
[22-Oct-2023 19:40:58 UTC] PHP Warning:  Undefined array key "sorting" in C:\Users\gruau\Documents\Openclassroom\motaphoto\app\public\wp-content\themes\motaphoto\functions.php on line 59
[22-Oct-2023 19:41:01 UTC] PHP Warning:  Undefined array key "sorting" in C:\Users\gruau\Documents\Openclassroom\motaphoto\app\public\wp-content\themes\motaphoto\functions.php on line 59
[22-Oct-2023 19:41:52 UTC] PHP Warning:  Undefined array key "sorting" in C:\Users\gruau\Documents\Openclassroom\motaphoto\app\public\wp-content\themes\motaphoto\functions.php on line 59
[22-Oct-2023 19:47:43 UTC] ASC
[22-Oct-2023 19:47:43 UTC] 
[22-Oct-2023 19:47:43 UTC] 
